1536019715095	geckodriver	INFO	geckodriver 0.21.0
1536019715103	geckodriver	INFO	Listening on 127.0.0.1:55063
1536019716113	mozrunner::runner	INFO	Running command: "/Applications/Firefox.app/Contents/MacOS/firefox-bin" "-marionette" "-foreground" "-no-remote" "-profile" "/var/folders/13/k8jwz8ls211618nndm3cmsz80000gn/T/rust_mozprofile.EwX7D3mQg9qY"
2018-09-03 19:08:37.556 plugin-container[4346:1753671] *** CFMessagePort: bootstrap_register(): failed 1100 (0x44c) 'Permission denied', port = 0x7743, name = 'com.apple.tsm.portname'
See /usr/include/servers/bootstrap_defs.h for the error codes.
2018-09-03 19:08:37.710 plugin-container[4346:1753671] *** CFMessagePort: bootstrap_register(): failed 1100 (0x44c) 'Permission denied', port = 0x7703, name = 'com.apple.coredrag'
See /usr/include/servers/bootstrap_defs.h for the error codes.
2018-09-03 19:08:37.832 plugin-container[4347:1753696] *** CFMessagePort: bootstrap_register(): failed 1100 (0x44c) 'Permission denied', port = 0x723f, name = 'com.apple.tsm.portname'
See /usr/include/servers/bootstrap_defs.h for the error codes.
2018-09-03 19:08:37.943 plugin-container[4347:1753696] *** CFMessagePort: bootstrap_register(): failed 1100 (0x44c) 'Permission denied', port = 0x72bb, name = 'com.apple.coredrag'
See /usr/include/servers/bootstrap_defs.h for the error codes.
1536019718058	Marionette	INFO	Listening on port 55076
1536019718081	Marionette	WARN	TLS certificate errors will be ignored for this session
2018-09-03 19:08:38.485 plugin-container[4348:1753829] *** CFMessagePort: bootstrap_register(): failed 1100 (0x44c) 'Permission denied', port = 0x743b, name = 'com.apple.tsm.portname'
See /usr/include/servers/bootstrap_defs.h for the error codes.
2018-09-03 19:08:38.581 plugin-container[4348:1753829] *** CFMessagePort: bootstrap_register(): failed 1100 (0x44c) 'Permission denied', port = 0x88ab, name = 'com.apple.coredrag'
See /usr/include/servers/bootstrap_defs.h for the error codes.
*** UTM:SVC TimerManager:registerTimer called after profile-before-change notification. Ignoring timer registration for id: telemetry_modules_ping
1536020753269	geckodriver	INFO	geckodriver 0.21.0
1536020753293	geckodriver	INFO	Listening on 127.0.0.1:56092
1536020754231	mozrunner::runner	INFO	Running command: "/Applications/Firefox.app/Contents/MacOS/firefox-bin" "-marionette" "-foreground" "-no-remote" "-profile" "/var/folders/13/k8jwz8ls211618nndm3cmsz80000gn/T/rust_mozprofile.w0QUSKNDjKyo"
2018-09-03 19:25:55.697 plugin-container[4402:1771466] *** CFMessagePort: bootstrap_register(): failed 1100 (0x44c) 'Permission denied', port = 0x7543, name = 'com.apple.tsm.portname'
See /usr/include/servers/bootstrap_defs.h for the error codes.
2018-09-03 19:25:55.904 plugin-container[4402:1771466] *** CFMessagePort: bootstrap_register(): failed 1100 (0x44c) 'Permission denied', port = 0x75bb, name = 'com.apple.coredrag'
See /usr/include/servers/bootstrap_defs.h for the error codes.
2018-09-03 19:25:55.963 plugin-container[4403:1771490] *** CFMessagePort: bootstrap_register(): failed 1100 (0x44c) 'Permission denied', port = 0x8c07, name = 'com.apple.tsm.portname'
See /usr/include/servers/bootstrap_defs.h for the error codes.
2018-09-03 19:25:56.082 plugin-container[4403:1771490] *** CFMessagePort: bootstrap_register(): failed 1100 (0x44c) 'Permission denied', port = 0x8c63, name = 'com.apple.coredrag'
See /usr/include/servers/bootstrap_defs.h for the error codes.
1536020756259	Marionette	INFO	Listening on port 56104
1536020756287	Marionette	WARN	TLS certificate errors will be ignored for this session
2018-09-03 19:25:56.647 plugin-container[4404:1771604] *** CFMessagePort: bootstrap_register(): failed 1100 (0x44c) 'Permission denied', port = 0x733f, name = 'com.apple.tsm.portname'
See /usr/include/servers/bootstrap_defs.h for the error codes.
2018-09-03 19:25:56.744 plugin-container[4404:1771604] *** CFMessagePort: bootstrap_register(): failed 1100 (0x44c) 'Permission denied', port = 0x735b, name = 'com.apple.coredrag'
See /usr/include/servers/bootstrap_defs.h for the error codes.
1536020974103	geckodriver	INFO	geckodriver 0.21.0
1536020974114	geckodriver	INFO	Listening on 127.0.0.1:56413
1536020975151	mozrunner::runner	INFO	Running command: "/Applications/Firefox.app/Contents/MacOS/firefox-bin" "-marionette" "-foreground" "-no-remote" "-profile" "/var/folders/13/k8jwz8ls211618nndm3cmsz80000gn/T/rust_mozprofile.fEb7KZAQiDjQ"
2018-09-03 19:29:36.374 plugin-container[4420:1785057] *** CFMessagePort: bootstrap_register(): failed 1100 (0x44c) 'Permission denied', port = 0x7903, name = 'com.apple.tsm.portname'
See /usr/include/servers/bootstrap_defs.h for the error codes.
2018-09-03 19:29:36.504 plugin-container[4420:1785057] *** CFMessagePort: bootstrap_register(): failed 1100 (0x44c) 'Permission denied', port = 0x270b, name = 'com.apple.coredrag'
See /usr/include/servers/bootstrap_defs.h for the error codes.
2018-09-03 19:29:36.630 plugin-container[4421:1785081] *** CFMessagePort: bootstrap_register(): failed 1100 (0x44c) 'Permission denied', port = 0x873f, name = 'com.apple.tsm.portname'
See /usr/include/servers/bootstrap_defs.h for the error codes.
2018-09-03 19:29:36.752 plugin-container[4421:1785081] *** CFMessagePort: bootstrap_register(): failed 1100 (0x44c) 'Permission denied', port = 0x874b, name = 'com.apple.coredrag'
See /usr/include/servers/bootstrap_defs.h for the error codes.
1536020976895	Marionette	INFO	Listening on port 56430
1536020976901	Marionette	WARN	TLS certificate errors will be ignored for this session
2018-09-03 19:29:37.422 plugin-container[4422:1785216] *** CFMessagePort: bootstrap_register(): failed 1100 (0x44c) 'Permission denied', port = 0x703b, name = 'com.apple.tsm.portname'
See /usr/include/servers/bootstrap_defs.h for the error codes.
2018-09-03 19:29:37.549 plugin-container[4422:1785216] *** CFMessagePort: bootstrap_register(): failed 1100 (0x44c) 'Permission denied', port = 0x7017, name = 'com.apple.coredrag'
See /usr/include/servers/bootstrap_defs.h for the error codes.
1536021083383	geckodriver	INFO	geckodriver 0.21.0
1536021083394	geckodriver	INFO	Listening on 127.0.0.1:56566
1536021084411	mozrunner::runner	INFO	Running command: "/Applications/Firefox.app/Contents/MacOS/firefox-bin" "-marionette" "-foreground" "-no-remote" "-profile" "/var/folders/13/k8jwz8ls211618nndm3cmsz80000gn/T/rust_mozprofile.Z7G7gsyYMclQ"
2018-09-03 19:31:25.681 plugin-container[4446:1791507] *** CFMessagePort: bootstrap_register(): failed 1100 (0x44c) 'Permission denied', port = 0x7837, name = 'com.apple.tsm.portname'
See /usr/include/servers/bootstrap_defs.h for the error codes.
2018-09-03 19:31:25.808 plugin-container[4446:1791507] *** CFMessagePort: bootstrap_register(): failed 1100 (0x44c) 'Permission denied', port = 0x783b, name = 'com.apple.coredrag'
See /usr/include/servers/bootstrap_defs.h for the error codes.
2018-09-03 19:31:25.925 plugin-container[4447:1791530] *** CFMessagePort: bootstrap_register(): failed 1100 (0x44c) 'Permission denied', port = 0x8207, name = 'com.apple.tsm.portname'
See /usr/include/servers/bootstrap_defs.h for the error codes.
2018-09-03 19:31:26.051 plugin-container[4447:1791530] *** CFMessagePort: bootstrap_register(): failed 1100 (0x44c) 'Permission denied', port = 0x8207, name = 'com.apple.coredrag'
See /usr/include/servers/bootstrap_defs.h for the error codes.
1536021086162	Marionette	INFO	Listening on port 56577
1536021086177	Marionette	WARN	TLS certificate errors will be ignored for this session
2018-09-03 19:31:26.713 plugin-container[4448:1791648] *** CFMessagePort: bootstrap_register(): failed 1100 (0x44c) 'Permission denied', port = 0x7c43, name = 'com.apple.tsm.portname'
See /usr/include/servers/bootstrap_defs.h for the error codes.
2018-09-03 19:31:26.833 plugin-container[4448:1791648] *** CFMessagePort: bootstrap_register(): failed 1100 (0x44c) 'Permission denied', port = 0x7c03, name = 'com.apple.coredrag'
See /usr/include/servers/bootstrap_defs.h for the error codes.
1536021167618	geckodriver	INFO	geckodriver 0.21.0
1536021167624	geckodriver	INFO	Listening on 127.0.0.1:56692
1536021168648	mozrunner::runner	INFO	Running command: "/Applications/Firefox.app/Contents/MacOS/firefox-bin" "-marionette" "-foreground" "-no-remote" "-profile" "/var/folders/13/k8jwz8ls211618nndm3cmsz80000gn/T/rust_mozprofile.n7cKpszoLIVx"
2018-09-03 19:32:50.044 plugin-container[4459:1796179] *** CFMessagePort: bootstrap_register(): failed 1100 (0x44c) 'Permission denied', port = 0x893f, name = 'com.apple.tsm.portname'
See /usr/include/servers/bootstrap_defs.h for the error codes.
2018-09-03 19:32:50.218 plugin-container[4459:1796179] *** CFMessagePort: bootstrap_register(): failed 1100 (0x44c) 'Permission denied', port = 0x8a6b, name = 'com.apple.coredrag'
See /usr/include/servers/bootstrap_defs.h for the error codes.
2018-09-03 19:32:50.375 plugin-container[4460:1796202] *** CFMessagePort: bootstrap_register(): failed 1100 (0x44c) 'Permission denied', port = 0x8007, name = 'com.apple.tsm.portname'
See /usr/include/servers/bootstrap_defs.h for the error codes.
2018-09-03 19:32:50.479 plugin-container[4460:1796202] *** CFMessagePort: bootstrap_register(): failed 1100 (0x44c) 'Permission denied', port = 0x8087, name = 'com.apple.coredrag'
See /usr/include/servers/bootstrap_defs.h for the error codes.
1536021170608	Marionette	INFO	Listening on port 56703
1536021170707	Marionette	WARN	TLS certificate errors will be ignored for this session
2018-09-03 19:32:51.100 plugin-container[4461:1796333] *** CFMessagePort: bootstrap_register(): failed 1100 (0x44c) 'Permission denied', port = 0x7743, name = 'com.apple.tsm.portname'
See /usr/include/servers/bootstrap_defs.h for the error codes.
2018-09-03 19:32:51.206 plugin-container[4461:1796333] *** CFMessagePort: bootstrap_register(): failed 1100 (0x44c) 'Permission denied', port = 0x7707, name = 'com.apple.coredrag'
See /usr/include/servers/bootstrap_defs.h for the error codes.
1536021207360	geckodriver	INFO	geckodriver 0.21.0
1536021207368	geckodriver	INFO	Listening on 127.0.0.1:56796
1536021208389	mozrunner::runner	INFO	Running command: "/Applications/Firefox.app/Contents/MacOS/firefox-bin" "-marionette" "-foreground" "-no-remote" "-profile" "/var/folders/13/k8jwz8ls211618nndm3cmsz80000gn/T/rust_mozprofile.8yupes1IuPCb"
2018-09-03 19:33:29.612 plugin-container[4471:1799055] *** CFMessagePort: bootstrap_register(): failed 1100 (0x44c) 'Permission denied', port = 0x7f3f, name = 'com.apple.tsm.portname'
See /usr/include/servers/bootstrap_defs.h for the error codes.
2018-09-03 19:33:29.730 plugin-container[4471:1799055] *** CFMessagePort: bootstrap_register(): failed 1100 (0x44c) 'Permission denied', port = 0x7f3b, name = 'com.apple.coredrag'
See /usr/include/servers/bootstrap_defs.h for the error codes.
2018-09-03 19:33:29.861 plugin-container[4472:1799077] *** CFMessagePort: bootstrap_register(): failed 1100 (0x44c) 'Permission denied', port = 0x7303, name = 'com.apple.tsm.portname'
See /usr/include/servers/bootstrap_defs.h for the error codes.
2018-09-03 19:33:29.975 plugin-container[4472:1799077] *** CFMessagePort: bootstrap_register(): failed 1100 (0x44c) 'Permission denied', port = 0x737f, name = 'com.apple.coredrag'
See /usr/include/servers/bootstrap_defs.h for the error codes.
1536021210111	Marionette	INFO	Listening on port 56807
1536021210151	Marionette	WARN	TLS certificate errors will be ignored for this session
2018-09-03 19:33:30.613 plugin-container[4473:1799200] *** CFMessagePort: bootstrap_register(): failed 1100 (0x44c) 'Permission denied', port = 0x893f, name = 'com.apple.tsm.portname'
See /usr/include/servers/bootstrap_defs.h for the error codes.
2018-09-03 19:33:30.717 plugin-container[4473:1799200] *** CFMessagePort: bootstrap_register(): failed 1100 (0x44c) 'Permission denied', port = 0x8903, name = 'com.apple.coredrag'
See /usr/include/servers/bootstrap_defs.h for the error codes.
1536021808089	geckodriver	INFO	geckodriver 0.21.0
1536021808122	geckodriver	INFO	Listening on 127.0.0.1:57536
1536021809375	mozrunner::runner	INFO	Running command: "/Applications/Firefox.app/Contents/MacOS/firefox-bin" "-marionette" "-foreground" "-no-remote" "-profile" "/var/folders/13/k8jwz8ls211618nndm3cmsz80000gn/T/rust_mozprofile.tIeQc3CBiViq"
2018-09-03 19:43:31.438 plugin-container[4503:1818760] *** CFMessagePort: bootstrap_register(): failed 1100 (0x44c) 'Permission denied', port = 0x8107, name = 'com.apple.tsm.portname'
See /usr/include/servers/bootstrap_defs.h for the error codes.
2018-09-03 19:43:31.632 plugin-container[4504:1818789] *** CFMessagePort: bootstrap_register(): failed 1100 (0x44c) 'Permission denied', port = 0x8243, name = 'com.apple.tsm.portname'
See /usr/include/servers/bootstrap_defs.h for the error codes.
2018-09-03 19:43:31.792 plugin-container[4504:1818789] *** CFMessagePort: bootstrap_register(): failed 1100 (0x44c) 'Permission denied', port = 0x268b, name = 'com.apple.coredrag'
See /usr/include/servers/bootstrap_defs.h for the error codes.
2018-09-03 19:43:31.792 plugin-container[4503:1818760] *** CFMessagePort: bootstrap_register(): failed 1100 (0x44c) 'Permission denied', port = 0x82a7, name = 'com.apple.coredrag'
See /usr/include/servers/bootstrap_defs.h for the error codes.
1536021811833	Marionette	INFO	Listening on port 57547
1536021811932	Marionette	WARN	TLS certificate errors will be ignored for this session
2018-09-03 19:43:32.409 plugin-container[4505:1818930] *** CFMessagePort: bootstrap_register(): failed 1100 (0x44c) 'Permission denied', port = 0x7a43, name = 'com.apple.tsm.portname'
See /usr/include/servers/bootstrap_defs.h for the error codes.
2018-09-03 19:43:32.496 plugin-container[4505:1818930] *** CFMessagePort: bootstrap_register(): failed 1100 (0x44c) 'Permission denied', port = 0x7a03, name = 'com.apple.coredrag'
See /usr/include/servers/bootstrap_defs.h for the error codes.
*** UTM:SVC TimerManager:registerTimer called after profile-before-change notification. Ignoring timer registration for id: telemetry_modules_ping
IPDL protocol error: Handler returned error code!

###!!! [Parent][DispatchAsyncMessage] Error: PLayerTransaction::Msg_ReleaseLayer Processing error: message was deserialized, but the handler returned false (indicating failure)

IPDL protocol error: Handler returned error code!

###!!! [Parent][DispatchAsyncMessage] Error: PLayerTransaction::Msg_ReleaseLayer Processing error: message was deserialized, but the handler returned false (indicating failure)

IPDL protocol error: Handler returned error code!

###!!! [Parent][DispatchAsyncMessage] Error: PLayerTransaction::Msg_ReleaseLayer Processing error: message was deserialized, but the handler returned false (indicating failure)

IPDL protocol error: Handler returned error code!

###!!! [Parent][DispatchAsyncMessage] Error: PLayerTransaction::Msg_ReleaseLayer Processing error: message was deserialized, but the handler returned false (indicating failure)

IPDL protocol error: Handler returned error code!

###!!! [Parent][DispatchAsyncMessage] Error: PLayerTransaction::Msg_ReleaseLayer Processing error: message was deserialized, but the handler returned false (indicating failure)

IPDL protocol error: Handler returned error code!

###!!! [Parent][DispatchAsyncMessage] Error: PLayerTransaction::Msg_ReleaseLayer Processing error: message was deserialized, but the handler returned false (indicating failure)

IPDL protocol error: Handler returned error code!

###!!! [Parent][DispatchAsyncMessage] Error: PLayerTransaction::Msg_ReleaseLayer Processing error: message was deserialized, but the handler returned false (indicating failure)

IPDL protocol error: Handler returned error code!

###!!! [Parent][DispatchAsyncMessage] Error: PLayerTransaction::Msg_ReleaseLayer Processing error: message was deserialized, but the handler returned false (indicating failure)

IPDL protocol error: Handler returned error code!

###!!! [Parent][DispatchAsyncMessage] Error: PLayerTransaction::Msg_ReleaseLayer Processing error: message was deserialized, but the handler returned false (indicating failure)

IPDL protocol error: Handler returned error code!

###!!! [Parent][DispatchAsyncMessage] Error: PLayerTransaction::Msg_ReleaseLayer Processing error: message was deserialized, but the handler returned false (indicating failure)

IPDL protocol error: Handler returned error code!

###!!! [Parent][DispatchAsyncMessage] Error: PLayerTransaction::Msg_ReleaseLayer Processing error: message was deserialized, but the handler returned false (indicating failure)

IPDL protocol error: Handler returned error code!

###!!! [Parent][DispatchAsyncMessage] Error: PLayerTransaction::Msg_ReleaseLayer Processing error: message was deserialized, but the handler returned false (indicating failure)

IPDL protocol error: Handler returned error code!

###!!! [Parent][DispatchAsyncMessage] Error: PLayerTransaction::Msg_ReleaseLayer Processing error: message was deserialized, but the handler returned false (indicating failure)

IPDL protocol error: Handler returned error code!

###!!! [Parent][DispatchAsyncMessage] Error: PLayerTransaction::Msg_ReleaseLayer Processing error: message was deserialized, but the handler returned false (indicating failure)

IPDL protocol error: Handler returned error code!

###!!! [Parent][DispatchAsyncMessage] Error: PLayerTransaction::Msg_ReleaseLayer Processing error: message was deserialized, but the handler returned false (indicating failure)

IPDL protocol error: Handler returned error code!

###!!! [Parent][DispatchAsyncMessage] Error: PLayerTransaction::Msg_ReleaseLayer Processing error: message was deserialized, but the handler returned false (indicating failure)

IPDL protocol error: Handler returned error code!

###!!! [Parent][DispatchAsyncMessage] Error: PLayerTransaction::Msg_ReleaseLayer Processing error: message was deserialized, but the handler returned false (indicating failure)

IPDL protocol error: Handler returned error code!

###!!! [Parent][DispatchAsyncMessage] Error: PLayerTransaction::Msg_ReleaseLayer Processing error: message was deserialized, but the handler returned false (indicating failure)

1536353012807	geckodriver	INFO	geckodriver 0.21.0
1536353012852	geckodriver	INFO	Listening on 127.0.0.1:53202
1536353013793	mozrunner::runner	INFO	Running command: "/Applications/Firefox.app/Contents/MacOS/firefox-bin" "-marionette" "-foreground" "-no-remote" "-profile" "/var/folders/13/k8jwz8ls211618nndm3cmsz80000gn/T/rust_mozprofile.y0YEaiSzwwjd"
2018-09-07 15:43:36.029 plugin-container[7297:4414823] *** CFMessagePort: bootstrap_register(): failed 1100 (0x44c) 'Permission denied', port = 0x8507, name = 'com.apple.tsm.portname'
See /usr/include/servers/bootstrap_defs.h for the error codes.
2018-09-07 15:43:36.299 plugin-container[7298:4414867] *** CFMessagePort: bootstrap_register(): failed 1100 (0x44c) 'Permission denied', port = 0x8b03, name = 'com.apple.tsm.portname'
See /usr/include/servers/bootstrap_defs.h for the error codes.
2018-09-07 15:43:36.407 plugin-container[7297:4414823] *** CFMessagePort: bootstrap_register(): failed 1100 (0x44c) 'Permission denied', port = 0x857f, name = 'com.apple.coredrag'
See /usr/include/servers/bootstrap_defs.h for the error codes.
2018-09-07 15:43:36.439 plugin-container[7298:4414867] *** CFMessagePort: bootstrap_register(): failed 1100 (0x44c) 'Permission denied', port = 0x8b5f, name = 'com.apple.coredrag'
See /usr/include/servers/bootstrap_defs.h for the error codes.
1536353016826	Marionette	INFO	Listening on port 53215
1536353016862	Marionette	WARN	TLS certificate errors will be ignored for this session
2018-09-07 15:43:37.255 plugin-container[7299:4415096] *** CFMessagePort: bootstrap_register(): failed 1100 (0x44c) 'Permission denied', port = 0x6d07, name = 'com.apple.tsm.portname'
See /usr/include/servers/bootstrap_defs.h for the error codes.
2018-09-07 15:43:37.364 plugin-container[7299:4415096] *** CFMessagePort: bootstrap_register(): failed 1100 (0x44c) 'Permission denied', port = 0x6d83, name = 'com.apple.coredrag'
See /usr/include/servers/bootstrap_defs.h for the error codes.

###!!! [Child][MessageChannel] Error: (msgtype=0x2D00B0,name=PContent::Msg_ScriptError) Channel closing: too late to send/recv, messages will be lost


###!!! [Child][RunMessage] Error: Channel closing: too late to send/recv, messages will be lost


###!!! [Child][RunMessage] Error: Channel closing: too late to send/recv, messages will be lost


###!!! [Child][RunMessage] Error: Channel closing: too late to send/recv, messages will be lost


###!!! [Child][RunMessage] Error: Channel closing: too late to send/recv, messages will be lost


###!!! [Child][MessageChannel] Error: (msgtype=0x900006,name=PWebSocket::Msg_DeleteSelf) Channel closing: too late to send/recv, messages will be lost

*** UTM:SVC TimerManager:registerTimer called after profile-before-change notification. Ignoring timer registration for id: telemetry_modules_ping
1536353486140	geckodriver	INFO	geckodriver 0.21.0
1536353486165	geckodriver	INFO	Listening on 127.0.0.1:54429
1536353487162	mozrunner::runner	INFO	Running command: "/Applications/Firefox.app/Contents/MacOS/firefox-bin" "-marionette" "-foreground" "-no-remote" "-profile" "/var/folders/13/k8jwz8ls211618nndm3cmsz80000gn/T/rust_mozprofile.d9y487KArTrM"
2018-09-07 15:51:28.948 plugin-container[7341:4447361] *** CFMessagePort: bootstrap_register(): failed 1100 (0x44c) 'Permission denied', port = 0x8943, name = 'com.apple.tsm.portname'
See /usr/include/servers/bootstrap_defs.h for the error codes.
2018-09-07 15:51:29.185 plugin-container[7342:4447392] *** CFMessagePort: bootstrap_register(): failed 1100 (0x44c) 'Permission denied', port = 0x7f3f, name = 'com.apple.tsm.portname'
See /usr/include/servers/bootstrap_defs.h for the error codes.
2018-09-07 15:51:29.217 plugin-container[7341:4447361] *** CFMessagePort: bootstrap_register(): failed 1100 (0x44c) 'Permission denied', port = 0x89bb, name = 'com.apple.coredrag'
See /usr/include/servers/bootstrap_defs.h for the error codes.
2018-09-07 15:51:29.325 plugin-container[7342:4447392] *** CFMessagePort: bootstrap_register(): failed 1100 (0x44c) 'Permission denied', port = 0x7fc7, name = 'com.apple.coredrag'
See /usr/include/servers/bootstrap_defs.h for the error codes.
1536353489699	Marionette	INFO	Listening on port 54444
1536353489726	Marionette	WARN	TLS certificate errors will be ignored for this session
2018-09-07 15:51:30.065 plugin-container[7343:4447512] *** CFMessagePort: bootstrap_register(): failed 1100 (0x44c) 'Permission denied', port = 0x8843, name = 'com.apple.tsm.portname'
See /usr/include/servers/bootstrap_defs.h for the error codes.
2018-09-07 15:51:30.175 plugin-container[7343:4447512] *** CFMessagePort: bootstrap_register(): failed 1100 (0x44c) 'Permission denied', port = 0x8807, name = 'com.apple.coredrag'
See /usr/include/servers/bootstrap_defs.h for the error codes.
*** UTM:SVC TimerManager:registerTimer called after profile-before-change notification. Ignoring timer registration for id: telemetry_modules_ping
1536353544437	geckodriver	INFO	geckodriver 0.21.0
1536353544444	geckodriver	INFO	Listening on 127.0.0.1:54608
1536353545461	mozrunner::runner	INFO	Running command: "/Applications/Firefox.app/Contents/MacOS/firefox-bin" "-marionette" "-foreground" "-no-remote" "-profile" "/var/folders/13/k8jwz8ls211618nndm3cmsz80000gn/T/rust_mozprofile.TTajyLPiYlwv"
2018-09-07 15:52:26.806 plugin-container[7352:4450549] *** CFMessagePort: bootstrap_register(): failed 1100 (0x44c) 'Permission denied', port = 0x8343, name = 'com.apple.tsm.portname'
See /usr/include/servers/bootstrap_defs.h for the error codes.
2018-09-07 15:52:27.016 plugin-container[7352:4450549] *** CFMessagePort: bootstrap_register(): failed 1100 (0x44c) 'Permission denied', port = 0x834f, name = 'com.apple.coredrag'
See /usr/include/servers/bootstrap_defs.h for the error codes.
2018-09-07 15:52:27.133 plugin-container[7353:4450576] *** CFMessagePort: bootstrap_register(): failed 1100 (0x44c) 'Permission denied', port = 0x8b07, name = 'com.apple.tsm.portname'
See /usr/include/servers/bootstrap_defs.h for the error codes.
2018-09-07 15:52:27.276 plugin-container[7353:4450576] *** CFMessagePort: bootstrap_register(): failed 1100 (0x44c) 'Permission denied', port = 0x8aa7, name = 'com.apple.coredrag'
See /usr/include/servers/bootstrap_defs.h for the error codes.
1536353547434	Marionette	INFO	Listening on port 54619
1536353547440	Marionette	WARN	TLS certificate errors will be ignored for this session
2018-09-07 15:52:27.926 plugin-container[7354:4450697] *** CFMessagePort: bootstrap_register(): failed 1100 (0x44c) 'Permission denied', port = 0x893f, name = 'com.apple.tsm.portname'
See /usr/include/servers/bootstrap_defs.h for the error codes.
2018-09-07 15:52:28.096 plugin-container[7354:4450697] *** CFMessagePort: bootstrap_register(): failed 1100 (0x44c) 'Permission denied', port = 0x89bb, name = 'com.apple.coredrag'
See /usr/include/servers/bootstrap_defs.h for the error codes.

###!!! [Child][RunMessage] Error: Channel closing: too late to send/recv, messages will be lost


###!!! [Child][RunMessage] Error: Channel closing: too late to send/recv, messages will be lost


###!!! [Child][RunMessage] Error: Channel closing: too late to send/recv, messages will be lost


###!!! [Child][MessageChannel] Error: (msgtype=0x2D00B0,name=PContent::Msg_ScriptError) Channel closing: too late to send/recv, messages will be lost


###!!! [Child][RunMessage] Error: Channel closing: too late to send/recv, messages will be lost


###!!! [Child][RunMessage] Error: Channel closing: too late to send/recv, messages will be lost


###!!! [Child][RunMessage] Error: Channel closing: too late to send/recv, messages will be lost


###!!! [Child][RunMessage] Error: Channel closing: too late to send/recv, messages will be lost


###!!! [Child][MessageChannel] Error: (msgtype=0x900006,name=PWebSocket::Msg_DeleteSelf) Channel closing: too late to send/recv, messages will be lost

*** UTM:SVC TimerManager:registerTimer called after profile-before-change notification. Ignoring timer registration for id: telemetry_modules_ping
1536414691255	geckodriver	INFO	geckodriver 0.21.0
1536414691267	geckodriver	INFO	Listening on 127.0.0.1:60499
1536414692326	mozrunner::runner	INFO	Running command: "/Applications/Firefox.app/Contents/MacOS/firefox-bin" "-marionette" "-foreground" "-no-remote" "-profile" "/var/folders/13/k8jwz8ls211618nndm3cmsz80000gn/T/rust_mozprofile.umwZ5ADTKbXi"
2018-09-08 08:51:35.083 plugin-container[8719:5109625] *** CFMessagePort: bootstrap_register(): failed 1100 (0x44c) 'Permission denied', port = 0x8703, name = 'com.apple.tsm.portname'
See /usr/include/servers/bootstrap_defs.h for the error codes.
2018-09-08 08:51:35.293 plugin-container[8720:5109662] *** CFMessagePort: bootstrap_register(): failed 1100 (0x44c) 'Permission denied', port = 0x7443, name = 'com.apple.tsm.portname'
See /usr/include/servers/bootstrap_defs.h for the error codes.
2018-09-08 08:51:35.552 plugin-container[8720:5109662] *** CFMessagePort: bootstrap_register(): failed 1100 (0x44c) 'Permission denied', port = 0x741b, name = 'com.apple.coredrag'
See /usr/include/servers/bootstrap_defs.h for the error codes.
2018-09-08 08:51:35.560 plugin-container[8719:5109625] *** CFMessagePort: bootstrap_register(): failed 1100 (0x44c) 'Permission denied', port = 0x879b, name = 'com.apple.coredrag'
See /usr/include/servers/bootstrap_defs.h for the error codes.
1536414696476	Marionette	INFO	Listening on port 60512
1536414696501	Marionette	WARN	TLS certificate errors will be ignored for this session
2018-09-08 08:51:36.590 plugin-container[8721:5109724] *** CFMessagePort: bootstrap_register(): failed 1100 (0x44c) 'Permission denied', port = 0x8807, name = 'com.apple.tsm.portname'
See /usr/include/servers/bootstrap_defs.h for the error codes.
2018-09-08 08:51:36.821 plugin-container[8721:5109724] *** CFMessagePort: bootstrap_register(): failed 1100 (0x44c) 'Permission denied', port = 0x8883, name = 'com.apple.coredrag'
See /usr/include/servers/bootstrap_defs.h for the error codes.
2018-09-08 08:52:42.391 plugin-container[8727:5110884] *** CFMessagePort: bootstrap_register(): failed 1100 (0x44c) 'Permission denied', port = 0x733b, name = 'com.apple.tsm.portname'
See /usr/include/servers/bootstrap_defs.h for the error codes.
2018-09-08 08:52:42.495 plugin-container[8727:5110884] *** CFMessagePort: bootstrap_register(): failed 1100 (0x44c) 'Permission denied', port = 0x730b, name = 'com.apple.coredrag'
See /usr/include/servers/bootstrap_defs.h for the error codes.
1536414858594	geckodriver	INFO	geckodriver 0.21.0
1536414858605	geckodriver	INFO	Listening on 127.0.0.1:60924
1536414858644	mozrunner::runner	INFO	Running command: "/Applications/Firefox.app/Contents/MacOS/firefox-bin" "-marionette" "-foreground" "-no-remote" "-profile" "/var/folders/13/k8jwz8ls211618nndm3cmsz80000gn/T/rust_mozprofile.5d0xq8bS3y8I"
2018-09-08 08:54:20.023 plugin-container[8743:5112753] *** CFMessagePort: bootstrap_register(): failed 1100 (0x44c) 'Permission denied', port = 0x7f3f, name = 'com.apple.tsm.portname'
See /usr/include/servers/bootstrap_defs.h for the error codes.
2018-09-08 08:54:20.152 plugin-container[8743:5112753] *** CFMessagePort: bootstrap_register(): failed 1100 (0x44c) 'Permission denied', port = 0x178b, name = 'com.apple.coredrag'
See /usr/include/servers/bootstrap_defs.h for the error codes.
2018-09-08 08:54:20.385 plugin-container[8744:5112785] *** CFMessagePort: bootstrap_register(): failed 1100 (0x44c) 'Permission denied', port = 0x8543, name = 'com.apple.tsm.portname'
See /usr/include/servers/bootstrap_defs.h for the error codes.
2018-09-08 08:54:20.491 plugin-container[8744:5112785] *** CFMessagePort: bootstrap_register(): failed 1100 (0x44c) 'Permission denied', port = 0x855f, name = 'com.apple.coredrag'
See /usr/include/servers/bootstrap_defs.h for the error codes.
1536414860705	Marionette	INFO	Listening on port 60933
1536414860788	Marionette	WARN	TLS certificate errors will be ignored for this session
2018-09-08 08:54:21.096 plugin-container[8745:5112885] *** CFMessagePort: bootstrap_register(): failed 1100 (0x44c) 'Permission denied', port = 0x7a3f, name = 'com.apple.tsm.portname'
See /usr/include/servers/bootstrap_defs.h for the error codes.
2018-09-08 08:54:21.228 plugin-container[8745:5112885] *** CFMessagePort: bootstrap_register(): failed 1100 (0x44c) 'Permission denied', port = 0x244f, name = 'com.apple.coredrag'
See /usr/include/servers/bootstrap_defs.h for the error codes.
1536414943704	geckodriver	INFO	geckodriver 0.21.0
1536414943789	geckodriver	INFO	Listening on 127.0.0.1:61131
1536414944729	mozrunner::runner	INFO	Running command: "/Applications/Firefox.app/Contents/MacOS/firefox-bin" "-marionette" "-foreground" "-no-remote" "-profile" "/var/folders/13/k8jwz8ls211618nndm3cmsz80000gn/T/rust_mozprofile.apTtKqGUB2yT"
2018-09-08 08:55:46.232 plugin-container[8760:5114868] *** CFMessagePort: bootstrap_register(): failed 1100 (0x44c) 'Permission denied', port = 0x7143, name = 'com.apple.tsm.portname'
See /usr/include/servers/bootstrap_defs.h for the error codes.
2018-09-08 08:55:46.376 plugin-container[8760:5114868] *** CFMessagePort: bootstrap_register(): failed 1100 (0x44c) 'Permission denied', port = 0x713f, name = 'com.apple.coredrag'
See /usr/include/servers/bootstrap_defs.h for the error codes.
2018-09-08 08:55:46.474 plugin-container[8761:5114892] *** CFMessagePort: bootstrap_register(): failed 1100 (0x44c) 'Permission denied', port = 0x8b43, name = 'com.apple.tsm.portname'
See /usr/include/servers/bootstrap_defs.h for the error codes.
2018-09-08 08:55:46.586 plugin-container[8761:5114892] *** CFMessagePort: bootstrap_register(): failed 1100 (0x44c) 'Permission denied', port = 0x8b23, name = 'com.apple.coredrag'
See /usr/include/servers/bootstrap_defs.h for the error codes.
1536414946914	Marionette	INFO	Listening on port 61146
1536414947005	Marionette	WARN	TLS certificate errors will be ignored for this session
2018-09-08 08:55:47.356 plugin-container[8762:5115011] *** CFMessagePort: bootstrap_register(): failed 1100 (0x44c) 'Permission denied', port = 0x7103, name = 'com.apple.tsm.portname'
See /usr/include/servers/bootstrap_defs.h for the error codes.
2018-09-08 08:55:47.593 plugin-container[8762:5115011] *** CFMessagePort: bootstrap_register(): failed 1100 (0x44c) 'Permission denied', port = 0x7147, name = 'com.apple.coredrag'
See /usr/include/servers/bootstrap_defs.h for the error codes.
*** UTM:SVC TimerManager:registerTimer called after profile-before-change notification. Ignoring timer registration for id: telemetry_modules_ping
1536415930175	geckodriver	INFO	geckodriver 0.21.0
1536415930232	geckodriver	INFO	Listening on 127.0.0.1:63225
1536415931307	mozrunner::runner	INFO	Running command: "/Applications/Firefox.app/Contents/MacOS/firefox-bin" "-marionette" "-foreground" "-no-remote" "-profile" "/var/folders/13/k8jwz8ls211618nndm3cmsz80000gn/T/rust_mozprofile.pkXwKPFQ70Cy"
2018-09-08 09:12:13.183 plugin-container[8878:5133435] *** CFMessagePort: bootstrap_register(): failed 1100 (0x44c) 'Permission denied', port = 0x8843, name = 'com.apple.tsm.portname'
See /usr/include/servers/bootstrap_defs.h for the error codes.
2018-09-08 09:12:13.608 plugin-container[8878:5133435] *** CFMessagePort: bootstrap_register(): failed 1100 (0x44c) 'Permission denied', port = 0x76ab, name = 'com.apple.coredrag'
See /usr/include/servers/bootstrap_defs.h for the error codes.
2018-09-08 09:12:13.694 plugin-container[8879:5133459] *** CFMessagePort: bootstrap_register(): failed 1100 (0x44c) 'Permission denied', port = 0x7843, name = 'com.apple.tsm.portname'
See /usr/include/servers/bootstrap_defs.h for the error codes.
2018-09-08 09:12:13.840 plugin-container[8879:5133459] *** CFMessagePort: bootstrap_register(): failed 1100 (0x44c) 'Permission denied', port = 0x7863, name = 'com.apple.coredrag'
See /usr/include/servers/bootstrap_defs.h for the error codes.
1536415933980	Marionette	INFO	Listening on port 63240
1536415934077	Marionette	WARN	TLS certificate errors will be ignored for this session
2018-09-08 09:12:14.478 plugin-container[8880:5133579] *** CFMessagePort: bootstrap_register(): failed 1100 (0x44c) 'Permission denied', port = 0x763f, name = 'com.apple.tsm.portname'
See /usr/include/servers/bootstrap_defs.h for the error codes.
2018-09-08 09:12:14.632 plugin-container[8880:5133579] *** CFMessagePort: bootstrap_register(): failed 1100 (0x44c) 'Permission denied', port = 0x752b, name = 'com.apple.coredrag'
See /usr/include/servers/bootstrap_defs.h for the error codes.

###!!! [Child][RunMessage] Error: Channel closing: too late to send/recv, messages will be lost


###!!! [Child][RunMessage] Error: Channel closing: too late to send/recv, messages will be lost


###!!! [Child][RunMessage] Error: Channel closing: too late to send/recv, messages will be lost

*** UTM:SVC TimerManager:registerTimer called after profile-before-change notification. Ignoring timer registration for id: telemetry_modules_ping
1536504548313	geckodriver	INFO	geckodriver 0.21.0
1536504548322	geckodriver	INFO	Listening on 127.0.0.1:61184
1536504549386	mozrunner::runner	INFO	Running command: "/Applications/Firefox.app/Contents/MacOS/firefox-bin" "-marionette" "-foreground" "-no-remote" "-profile" "/var/folders/13/k8jwz8ls211618nndm3cmsz80000gn/T/rust_mozprofile.D4t4taqcINxS"
2018-09-09 09:49:11.713 plugin-container[11100:6867248] *** CFMessagePort: bootstrap_register(): failed 1100 (0x44c) 'Permission denied', port = 0x8237, name = 'com.apple.tsm.portname'
See /usr/include/servers/bootstrap_defs.h for the error codes.
2018-09-09 09:49:12.045 plugin-container[11100:6867248] *** CFMessagePort: bootstrap_register(): failed 1100 (0x44c) 'Permission denied', port = 0x8207, name = 'com.apple.coredrag'
See /usr/include/servers/bootstrap_defs.h for the error codes.
2018-09-09 09:49:12.174 plugin-container[11101:6867279] *** CFMessagePort: bootstrap_register(): failed 1100 (0x44c) 'Permission denied', port = 0x7543, name = 'com.apple.tsm.portname'
See /usr/include/servers/bootstrap_defs.h for the error codes.
2018-09-09 09:49:12.300 plugin-container[11101:6867279] *** CFMessagePort: bootstrap_register(): failed 1100 (0x44c) 'Permission denied', port = 0x751f, name = 'com.apple.coredrag'
See /usr/include/servers/bootstrap_defs.h for the error codes.
1536504552474	Marionette	INFO	Listening on port 61197
1536504552561	Marionette	WARN	TLS certificate errors will be ignored for this session
2018-09-09 09:49:13.000 plugin-container[11102:6867395] *** CFMessagePort: bootstrap_register(): failed 1100 (0x44c) 'Permission denied', port = 0x7a43, name = 'com.apple.tsm.portname'
See /usr/include/servers/bootstrap_defs.h for the error codes.
2018-09-09 09:49:13.127 plugin-container[11102:6867395] *** CFMessagePort: bootstrap_register(): failed 1100 (0x44c) 'Permission denied', port = 0x7abf, name = 'com.apple.coredrag'
See /usr/include/servers/bootstrap_defs.h for the error codes.

###!!! [Child][RunMessage] Error: Channel closing: too late to send/recv, messages will be lost


###!!! [Child][MessageChannel] Error: (msgtype=0x2D00B0,name=PContent::Msg_ScriptError) Channel closing: too late to send/recv, messages will be lost


###!!! [Child][RunMessage] Error: Channel closing: too late to send/recv, messages will be lost


###!!! [Child][MessageChannel] Error: (msgtype=0x900006,name=PWebSocket::Msg_DeleteSelf) Channel closing: too late to send/recv, messages will be lost

*** UTM:SVC TimerManager:registerTimer called after profile-before-change notification. Ignoring timer registration for id: telemetry_modules_ping
1536505013993	geckodriver	INFO	geckodriver 0.21.0
1536505014005	geckodriver	INFO	Listening on 127.0.0.1:62020
1536505015005	mozrunner::runner	INFO	Running command: "/Applications/Firefox.app/Contents/MacOS/firefox-bin" "-marionette" "-foreground" "-no-remote" "-profile" "/var/folders/13/k8jwz8ls211618nndm3cmsz80000gn/T/rust_mozprofile.ShkXgznhxb4p"
2018-09-09 09:56:56.422 plugin-container[11146:6886347] *** CFMessagePort: bootstrap_register(): failed 1100 (0x44c) 'Permission denied', port = 0x8943, name = 'com.apple.tsm.portname'
See /usr/include/servers/bootstrap_defs.h for the error codes.
2018-09-09 09:56:56.556 plugin-container[11146:6886347] *** CFMessagePort: bootstrap_register(): failed 1100 (0x44c) 'Permission denied', port = 0x8903, name = 'com.apple.coredrag'
See /usr/include/servers/bootstrap_defs.h for the error codes.
2018-09-09 09:56:56.749 plugin-container[11147:6886369] *** CFMessagePort: bootstrap_register(): failed 1100 (0x44c) 'Permission denied', port = 0x8a03, name = 'com.apple.tsm.portname'
See /usr/include/servers/bootstrap_defs.h for the error codes.
2018-09-09 09:56:56.874 plugin-container[11147:6886369] *** CFMessagePort: bootstrap_register(): failed 1100 (0x44c) 'Permission denied', port = 0x8a7f, name = 'com.apple.coredrag'
See /usr/include/servers/bootstrap_defs.h for the error codes.
1536505016994	Marionette	INFO	Listening on port 62031
1536505017058	Marionette	WARN	TLS certificate errors will be ignored for this session
2018-09-09 09:56:57.769 plugin-container[11148:6886488] *** CFMessagePort: bootstrap_register(): failed 1100 (0x44c) 'Permission denied', port = 0x7b07, name = 'com.apple.tsm.portname'
See /usr/include/servers/bootstrap_defs.h for the error codes.
2018-09-09 09:56:57.892 plugin-container[11148:6886488] *** CFMessagePort: bootstrap_register(): failed 1100 (0x44c) 'Permission denied', port = 0x7b27, name = 'com.apple.coredrag'
See /usr/include/servers/bootstrap_defs.h for the error codes.
console.warn: LoginRecipes: getRecipes: falling back to a synchronous message for: https://stage1.fmny.mobi

###!!! [Child][MessageChannel] Error: (msgtype=0x2D00B0,name=PContent::Msg_ScriptError) Channel closing: too late to send/recv, messages will be lost


###!!! [Child][MessageChannel] Error: (msgtype=0x900006,name=PWebSocket::Msg_DeleteSelf) Channel closing: too late to send/recv, messages will be lost

*** UTM:SVC TimerManager:registerTimer called after profile-before-change notification. Ignoring timer registration for id: telemetry_modules_ping
1536505122510	geckodriver	INFO	geckodriver 0.21.0
1536505122516	geckodriver	INFO	Listening on 127.0.0.1:62238
1536505123495	mozrunner::runner	INFO	Running command: "/Applications/Firefox.app/Contents/MacOS/firefox-bin" "-marionette" "-foreground" "-no-remote" "-profile" "/var/folders/13/k8jwz8ls211618nndm3cmsz80000gn/T/rust_mozprofile.3eOEUX8De0yU"
2018-09-09 09:58:45.362 plugin-container[11164:6888473] *** CFMessagePort: bootstrap_register(): failed 1100 (0x44c) 'Permission denied', port = 0x860b, name = 'com.apple.tsm.portname'
See /usr/include/servers/bootstrap_defs.h for the error codes.
2018-09-09 09:58:45.752 plugin-container[11164:6888473] *** CFMessagePort: bootstrap_register(): failed 1100 (0x44c) 'Permission denied', port = 0x866b, name = 'com.apple.coredrag'
See /usr/include/servers/bootstrap_defs.h for the error codes.
2018-09-09 09:58:45.824 plugin-container[11165:6888511] *** CFMessagePort: bootstrap_register(): failed 1100 (0x44c) 'Permission denied', port = 0x883f, name = 'com.apple.tsm.portname'
See /usr/include/servers/bootstrap_defs.h for the error codes.
2018-09-09 09:58:45.979 plugin-container[11165:6888511] *** CFMessagePort: bootstrap_register(): failed 1100 (0x44c) 'Permission denied', port = 0x88bb, name = 'com.apple.coredrag'
See /usr/include/servers/bootstrap_defs.h for the error codes.
1536505126173	Marionette	INFO	Listening on port 62261
1536505126189	Marionette	WARN	TLS certificate errors will be ignored for this session
2018-09-09 09:58:47.291 plugin-container[11166:6888651] *** CFMessagePort: bootstrap_register(): failed 1100 (0x44c) 'Permission denied', port = 0x7643, name = 'com.apple.tsm.portname'
See /usr/include/servers/bootstrap_defs.h for the error codes.
2018-09-09 09:58:47.441 plugin-container[11166:6888651] *** CFMessagePort: bootstrap_register(): failed 1100 (0x44c) 'Permission denied', port = 0x761f, name = 'com.apple.coredrag'
See /usr/include/servers/bootstrap_defs.h for the error codes.

###!!! [Child][RunMessage] Error: Channel closing: too late to send/recv, messages will be lost

*** UTM:SVC TimerManager:registerTimer called after profile-before-change notification. Ignoring timer registration for id: telemetry_modules_ping
1536505191808	geckodriver	INFO	geckodriver 0.21.0
1536505191815	geckodriver	INFO	Listening on 127.0.0.1:62429
1536505192840	mozrunner::runner	INFO	Running command: "/Applications/Firefox.app/Contents/MacOS/firefox-bin" "-marionette" "-foreground" "-no-remote" "-profile" "/var/folders/13/k8jwz8ls211618nndm3cmsz80000gn/T/rust_mozprofile.gIRjZhrJ1n1l"
2018-09-09 09:59:54.170 plugin-container[11182:6890193] *** CFMessagePort: bootstrap_register(): failed 1100 (0x44c) 'Permission denied', port = 0x7943, name = 'com.apple.tsm.portname'
See /usr/include/servers/bootstrap_defs.h for the error codes.
2018-09-09 09:59:54.299 plugin-container[11182:6890193] *** CFMessagePort: bootstrap_register(): failed 1100 (0x44c) 'Permission denied', port = 0x7903, name = 'com.apple.coredrag'
See /usr/include/servers/bootstrap_defs.h for the error codes.
2018-09-09 09:59:54.471 plugin-container[11183:6890217] *** CFMessagePort: bootstrap_register(): failed 1100 (0x44c) 'Permission denied', port = 0x8143, name = 'com.apple.tsm.portname'
See /usr/include/servers/bootstrap_defs.h for the error codes.
2018-09-09 09:59:54.579 plugin-container[11183:6890217] *** CFMessagePort: bootstrap_register(): failed 1100 (0x44c) 'Permission denied', port = 0x8067, name = 'com.apple.coredrag'
See /usr/include/servers/bootstrap_defs.h for the error codes.
1536505194704	Marionette	INFO	Listening on port 62442
1536505194786	Marionette	WARN	TLS certificate errors will be ignored for this session
2018-09-09 09:59:55.289 plugin-container[11184:6890332] *** CFMessagePort: bootstrap_register(): failed 1100 (0x44c) 'Permission denied', port = 0x753f, name = 'com.apple.tsm.portname'
See /usr/include/servers/bootstrap_defs.h for the error codes.
2018-09-09 09:59:55.442 plugin-container[11184:6890332] *** CFMessagePort: bootstrap_register(): failed 1100 (0x44c) 'Permission denied', port = 0x751b, name = 'com.apple.coredrag'
See /usr/include/servers/bootstrap_defs.h for the error codes.

###!!! [Child][RunMessage] Error: Channel closing: too late to send/recv, messages will be lost

*** UTM:SVC TimerManager:registerTimer called after profile-before-change notification. Ignoring timer registration for id: telemetry_modules_ping
1536505337428	geckodriver	INFO	geckodriver 0.21.0
1536505337441	geckodriver	INFO	Listening on 127.0.0.1:62691
1536505338429	mozrunner::runner	INFO	Running command: "/Applications/Firefox.app/Contents/MacOS/firefox-bin" "-marionette" "-foreground" "-no-remote" "-profile" "/var/folders/13/k8jwz8ls211618nndm3cmsz80000gn/T/rust_mozprofile.ZM0KCOxVqQyo"
2018-09-09 10:02:19.928 plugin-container[11206:6893040] *** CFMessagePort: bootstrap_register(): failed 1100 (0x44c) 'Permission denied', port = 0x733f, name = 'com.apple.tsm.portname'
See /usr/include/servers/bootstrap_defs.h for the error codes.
2018-09-09 10:02:20.236 plugin-container[11206:6893040] *** CFMessagePort: bootstrap_register(): failed 1100 (0x44c) 'Permission denied', port = 0x73d7, name = 'com.apple.coredrag'
See /usr/include/servers/bootstrap_defs.h for the error codes.
2018-09-09 10:02:20.290 plugin-container[11207:6893066] *** CFMessagePort: bootstrap_register(): failed 1100 (0x44c) 'Permission denied', port = 0x8a43, name = 'com.apple.tsm.portname'
See /usr/include/servers/bootstrap_defs.h for the error codes.
2018-09-09 10:02:20.410 plugin-container[11207:6893066] *** CFMessagePort: bootstrap_register(): failed 1100 (0x44c) 'Permission denied', port = 0x8a43, name = 'com.apple.coredrag'
See /usr/include/servers/bootstrap_defs.h for the error codes.
1536505340577	Marionette	INFO	Listening on port 62708
1536505340617	Marionette	WARN	TLS certificate errors will be ignored for this session
2018-09-09 10:02:21.162 plugin-container[11208:6893180] *** CFMessagePort: bootstrap_register(): failed 1100 (0x44c) 'Permission denied', port = 0x7443, name = 'com.apple.tsm.portname'
See /usr/include/servers/bootstrap_defs.h for the error codes.
2018-09-09 10:02:21.326 plugin-container[11208:6893180] *** CFMessagePort: bootstrap_register(): failed 1100 (0x44c) 'Permission denied', port = 0x745f, name = 'com.apple.coredrag'
See /usr/include/servers/bootstrap_defs.h for the error codes.

###!!! [Child][RunMessage] Error: Channel closing: too late to send/recv, messages will be lost

*** UTM:SVC TimerManager:registerTimer called after profile-before-change notification. Ignoring timer registration for id: telemetry_modules_ping
1536505689675	geckodriver	INFO	geckodriver 0.21.0
1536505689682	geckodriver	INFO	Listening on 127.0.0.1:63297
1536505690719	mozrunner::runner	INFO	Running command: "/Applications/Firefox.app/Contents/MacOS/firefox-bin" "-marionette" "-foreground" "-no-remote" "-profile" "/var/folders/13/k8jwz8ls211618nndm3cmsz80000gn/T/rust_mozprofile.HdbdQ4wjtBmE"
2018-09-09 10:08:12.173 plugin-container[11232:6898889] *** CFMessagePort: bootstrap_register(): failed 1100 (0x44c) 'Permission denied', port = 0x8643, name = 'com.apple.tsm.portname'
See /usr/include/servers/bootstrap_defs.h for the error codes.
2018-09-09 10:08:12.438 plugin-container[11232:6898889] *** CFMessagePort: bootstrap_register(): failed 1100 (0x44c) 'Permission denied', port = 0x8603, name = 'com.apple.coredrag'
See /usr/include/servers/bootstrap_defs.h for the error codes.
2018-09-09 10:08:12.578 plugin-container[11233:6898914] *** CFMessagePort: bootstrap_register(): failed 1100 (0x44c) 'Permission denied', port = 0x8407, name = 'com.apple.tsm.portname'
See /usr/include/servers/bootstrap_defs.h for the error codes.
2018-09-09 10:08:12.702 plugin-container[11233:6898914] *** CFMessagePort: bootstrap_register(): failed 1100 (0x44c) 'Permission denied', port = 0x842b, name = 'com.apple.coredrag'
See /usr/include/servers/bootstrap_defs.h for the error codes.
1536505692905	Marionette	INFO	Listening on port 63314
1536505693036	Marionette	WARN	TLS certificate errors will be ignored for this session
2018-09-09 10:08:13.295 plugin-container[11234:6899027] *** CFMessagePort: bootstrap_register(): failed 1100 (0x44c) 'Permission denied', port = 0x863f, name = 'com.apple.tsm.portname'
See /usr/include/servers/bootstrap_defs.h for the error codes.
2018-09-09 10:08:13.471 plugin-container[11234:6899027] *** CFMessagePort: bootstrap_register(): failed 1100 (0x44c) 'Permission denied', port = 0x73a7, name = 'com.apple.coredrag'
See /usr/include/servers/bootstrap_defs.h for the error codes.

###!!! [Child][RunMessage] Error: Channel closing: too late to send/recv, messages will be lost

*** UTM:SVC TimerManager:registerTimer called after profile-before-change notification. Ignoring timer registration for id: telemetry_modules_ping
