1534289570785	geckodriver	INFO	geckodriver 0.21.0
1534289570820	geckodriver	INFO	Listening on 127.0.0.1:61876
1534289571829	mozrunner::runner	INFO	Running command: "/Applications/Firefox.app/Contents/MacOS/firefox-bin" "-marionette" "-foreground" "-no-remote" "-profile" "/var/folders/13/k8jwz8ls211618nndm3cmsz80000gn/T/rust_mozprofile.7xHbaUI6FFry"
2018-08-14 18:32:53.812 plugin-container[34765:17522903] *** CFMessagePort: bootstrap_register(): failed 1100 (0x44c) 'Permission denied', port = 0x7347, name = 'com.apple.tsm.portname'
See /usr/include/servers/bootstrap_defs.h for the error codes.
2018-08-14 18:32:54.034 plugin-container[34766:17522939] *** CFMessagePort: bootstrap_register(): failed 1100 (0x44c) 'Permission denied', port = 0x8a03, name = 'com.apple.tsm.portname'
See /usr/include/servers/bootstrap_defs.h for the error codes.
2018-08-14 18:32:54.844 plugin-container[34766:17522939] *** CFMessagePort: bootstrap_register(): failed 1100 (0x44c) 'Permission denied', port = 0x8a97, name = 'com.apple.coredrag'
See /usr/include/servers/bootstrap_defs.h for the error codes.
2018-08-14 18:32:54.844 plugin-container[34765:17522903] *** CFMessagePort: bootstrap_register(): failed 1100 (0x44c) 'Permission denied', port = 0x80a3, name = 'com.apple.coredrag'
See /usr/include/servers/bootstrap_defs.h for the error codes.
1534289574937	Marionette	INFO	Listening on port 61891
1534289575053	Marionette	WARN	TLS certificate errors will be ignored for this session
2018-08-14 18:32:55.975 plugin-container[34767:17523045] *** CFMessagePort: bootstrap_register(): failed 1100 (0x44c) 'Permission denied', port = 0x7603, name = 'com.apple.tsm.portname'
See /usr/include/servers/bootstrap_defs.h for the error codes.
2018-08-14 18:32:56.080 plugin-container[34767:17523045] *** CFMessagePort: bootstrap_register(): failed 1100 (0x44c) 'Permission denied', port = 0x7623, name = 'com.apple.coredrag'
See /usr/include/servers/bootstrap_defs.h for the error codes.
JavaScript error: https://a.travel-assets.com/datacapture/2/js/dctk.js, line 22: Error: 4101 (The given Experiment details was null)
JavaScript warning: https://www.googletagmanager.com/gtag/js?id=AW-800330014, line 69: unreachable code after return statement
JavaScript warning: https://www.googletagmanager.com/gtag/js?id=AW-800330014, line 69: unreachable code after return statement
2018-08-14 18:33:48.978 plugin-container[34769:17524390] *** CFMessagePort: bootstrap_register(): failed 1100 (0x44c) 'Permission denied', port = 0x7c3b, name = 'com.apple.tsm.portname'
See /usr/include/servers/bootstrap_defs.h for the error codes.
2018-08-14 18:33:49.185 plugin-container[34769:17524390] *** CFMessagePort: bootstrap_register(): failed 1100 (0x44c) 'Permission denied', port = 0x6a6f, name = 'com.apple.coredrag'
See /usr/include/servers/bootstrap_defs.h for the error codes.
1534290597869	geckodriver	INFO	geckodriver 0.21.0
1534290597893	geckodriver	INFO	Listening on 127.0.0.1:53129
1534290598919	mozrunner::runner	INFO	Running command: "/Applications/Firefox.app/Contents/MacOS/firefox-bin" "-marionette" "-foreground" "-no-remote" "-profile" "/var/folders/13/k8jwz8ls211618nndm3cmsz80000gn/T/rust_mozprofile.t81YvWsLeOTD"
2018-08-14 18:50:01.254 plugin-container[34842:17603547] *** CFMessagePort: bootstrap_register(): failed 1100 (0x44c) 'Permission denied', port = 0x8347, name = 'com.apple.tsm.portname'
See /usr/include/servers/bootstrap_defs.h for the error codes.
2018-08-14 18:50:01.546 plugin-container[34842:17603547] *** CFMessagePort: bootstrap_register(): failed 1100 (0x44c) 'Permission denied', port = 0x8367, name = 'com.apple.coredrag'
See /usr/include/servers/bootstrap_defs.h for the error codes.
2018-08-14 18:50:01.572 plugin-container[34843:17603588] *** CFMessagePort: bootstrap_register(): failed 1100 (0x44c) 'Permission denied', port = 0x8437, name = 'com.apple.tsm.portname'
See /usr/include/servers/bootstrap_defs.h for the error codes.
2018-08-14 18:50:01.718 plugin-container[34843:17603588] *** CFMessagePort: bootstrap_register(): failed 1100 (0x44c) 'Permission denied', port = 0x84b3, name = 'com.apple.coredrag'
See /usr/include/servers/bootstrap_defs.h for the error codes.
1534290601987	Marionette	INFO	Listening on port 53144
1534290602076	Marionette	WARN	TLS certificate errors will be ignored for this session
2018-08-14 18:50:02.630 plugin-container[34844:17603725] *** CFMessagePort: bootstrap_register(): failed 1100 (0x44c) 'Permission denied', port = 0x873f, name = 'com.apple.tsm.portname'
See /usr/include/servers/bootstrap_defs.h for the error codes.
2018-08-14 18:50:02.868 plugin-container[34844:17603725] *** CFMessagePort: bootstrap_register(): failed 1100 (0x44c) 'Permission denied', port = 0x88a7, name = 'com.apple.coredrag'
See /usr/include/servers/bootstrap_defs.h for the error codes.
JavaScript error: https://a.travel-assets.com/datacapture/2/js/dctk.js, line 22: Error: 4101 (The given Experiment details was null)
JavaScript warning: https://www.googletagmanager.com/gtag/js?id=AW-813670643, line 69: unreachable code after return statement
JavaScript warning: https://www.googletagmanager.com/gtag/js?id=AW-813670643, line 69: unreachable code after return statement
JavaScript warning: https://www.expedia.com/static/default/default/scripts/new-header/modal-gss.js, line 55: unreachable code after return statement
JavaScript warning: https://www.expedia.com/static/default/default/scripts/new-header/modal-gss.js, line 55: unreachable code after return statement
JavaScript error: https://b.travel-assets.com/datacapture/2/js/analytics-core-bundle-min.js, line 22: Error: 4101 (The given Experiment details was null)
JavaScript warning: https://www.googletagmanager.com/gtag/js?id=DC-6769901, line 69: unreachable code after return statement
JavaScript warning: https://www.googletagmanager.com/gtag/js?id=DC-6769901, line 69: unreachable code after return statement
Handler function NetworkEventActorProxy.addSecurityInfo threw an exception: [Exception... "Component not initialized"  nsresult: "0xc1f30001 (NS_ERROR_NOT_INITIALIZED)"  location: "JS frame :: resource://devtools/shared/base-loader.js -> resource://devtools/shared/webconsole/network-monitor.js :: NetworkEventActorProxy.methodFactory/< :: line 1887"  data: no]
Stack: NetworkEventActorProxy.methodFactory/<@resource://devtools/shared/base-loader.js -> resource://devtools/shared/webconsole/network-monitor.js:1887:5
exports.makeInfallible/<@resource://devtools/shared/base-loader.js -> resource://devtools/shared/ThreadSafeDevToolsUtils.js:109:14
NetworkResponseListener.prototype._getSecurityInfo<@resource://devtools/shared/base-loader.js -> resource://devtools/shared/webconsole/network-monitor.js:518:5
exports.makeInfallible/<@resource://devtools/shared/base-loader.js -> resource://devtools/shared/ThreadSafeDevToolsUtils.js:109:14
onStartRequest@resource://devtools/shared/base-loader.js -> resource://devtools/shared/webconsole/network-monitor.js:438:5
Line: 1887, column: 0
console.error: "Handler function NetworkEventActorProxy.addSecurityInfo threw an exception: [Exception... \"Component not initialized\"  nsresult: \"0xc1f30001 (NS_ERROR_NOT_INITIALIZED)\"  location: \"JS frame :: resource://devtools/shared/base-loader.js -> resource://devtools/shared/webconsole/network-monitor.js :: NetworkEventActorProxy.methodFactory/< :: line 1887\"  data: no]\nStack: NetworkEventActorProxy.methodFactory/<@resource://devtools/shared/base-loader.js -> resource://devtools/shared/webconsole/network-monitor.js:1887:5\nexports.makeInfallible/<@resource://devtools/shared/base-loader.js -> resource://devtools/shared/ThreadSafeDevToolsUtils.js:109:14\nNetworkResponseListener.prototype._getSecurityInfo<@resource://devtools/shared/base-loader.js -> resource://devtools/shared/webconsole/network-monitor.js:518:5\nexports.makeInfallible/<@resource://devtools/shared/base-loader.js -> resource://devtools/shared/ThreadSafeDevToolsUtils.js:109:14\nonStartRequest@resource://devtools/shared/base-loader.js -> resource://devtools/shared/webconsole/network-monitor.js:438:5\nLine: 1887, column: 0"
Handler function NetworkEventActorProxy.addResponseContent threw an exception: [Exception... "Component not initialized"  nsresult: "0xc1f30001 (NS_ERROR_NOT_INITIALIZED)"  location: "JS frame :: resource://devtools/shared/base-loader.js -> resource://devtools/shared/webconsole/network-monitor.js :: NetworkEventActorProxy.methodFactory/< :: line 1887"  data: no]
Stack: NetworkEventActorProxy.methodFactory/<@resource://devtools/shared/base-loader.js -> resource://devtools/shared/webconsole/network-monitor.js:1887:5
exports.makeInfallible/<@resource://devtools/shared/base-loader.js -> resource://devtools/shared/ThreadSafeDevToolsUtils.js:109:14
_onComplete@resource://devtools/shared/base-loader.js -> resource://devtools/shared/webconsole/network-monitor.js:663:5
onStreamClose@resource://devtools/shared/base-loader.js -> resource://devtools/shared/webconsole/network-monitor.js:620:7
onInputStreamReady@resource://devtools/shared/base-loader.js -> resource://devtools/shared/webconsole/network-monitor.js:714:7
Line: 1887, column: 0
console.error: "Handler function NetworkEventActorProxy.addResponseContent threw an exception: [Exception... \"Component not initialized\"  nsresult: \"0xc1f30001 (NS_ERROR_NOT_INITIALIZED)\"  location: \"JS frame :: resource://devtools/shared/base-loader.js -> resource://devtools/shared/webconsole/network-monitor.js :: NetworkEventActorProxy.methodFactory/< :: line 1887\"  data: no]\nStack: NetworkEventActorProxy.methodFactory/<@resource://devtools/shared/base-loader.js -> resource://devtools/shared/webconsole/network-monitor.js:1887:5\nexports.makeInfallible/<@resource://devtools/shared/base-loader.js -> resource://devtools/shared/ThreadSafeDevToolsUtils.js:109:14\n_onComplete@resource://devtools/shared/base-loader.js -> resource://devtools/shared/webconsole/network-monitor.js:663:5\nonStreamClose@resource://devtools/shared/base-loader.js -> resource://devtools/shared/webconsole/network-monitor.js:620:7\nonInputStreamReady@resource://devtools/shared/base-loader.js -> resource://devtools/shared/webconsole/network-monitor.js:714:7\nLine: 1887, column: 0"

###!!! [Child][RunMessage] Error: Channel closing: too late to send/recv, messages will be lost


###!!! [Child][RunMessage] Error: Channel closing: too late to send/recv, messages will be lost


###!!! [Child][RunMessage] Error: Channel closing: too late to send/recv, messages will be lost

1534290870696	geckodriver	INFO	geckodriver 0.21.0
1534290870716	geckodriver	INFO	Listening on 127.0.0.1:55304
1534290871765	mozrunner::runner	INFO	Running command: "/Applications/Firefox.app/Contents/MacOS/firefox-bin" "-marionette" "-foreground" "-no-remote" "-profile" "/var/folders/13/k8jwz8ls211618nndm3cmsz80000gn/T/rust_mozprofile.nAOSL25MXdhi"
2018-08-14 18:54:33.942 plugin-container[34864:17617798] *** CFMessagePort: bootstrap_register(): failed 1100 (0x44c) 'Permission denied', port = 0x7e0b, name = 'com.apple.tsm.portname'
See /usr/include/servers/bootstrap_defs.h for the error codes.
2018-08-14 18:54:34.436 plugin-container[34864:17617798] *** CFMessagePort: bootstrap_register(): failed 1100 (0x44c) 'Permission denied', port = 0x7e0f, name = 'com.apple.coredrag'
See /usr/include/servers/bootstrap_defs.h for the error codes.
2018-08-14 18:54:34.553 plugin-container[34865:17617832] *** CFMessagePort: bootstrap_register(): failed 1100 (0x44c) 'Permission denied', port = 0x7743, name = 'com.apple.tsm.portname'
See /usr/include/servers/bootstrap_defs.h for the error codes.
2018-08-14 18:54:34.886 plugin-container[34865:17617832] *** CFMessagePort: bootstrap_register(): failed 1100 (0x44c) 'Permission denied', port = 0x7707, name = 'com.apple.coredrag'
See /usr/include/servers/bootstrap_defs.h for the error codes.
1534290875288	Marionette	INFO	Listening on port 55331
1534290875349	Marionette	WARN	TLS certificate errors will be ignored for this session
2018-08-14 18:54:35.478 plugin-container[34866:17618099] *** CFMessagePort: bootstrap_register(): failed 1100 (0x44c) 'Permission denied', port = 0x713b, name = 'com.apple.tsm.portname'
See /usr/include/servers/bootstrap_defs.h for the error codes.
2018-08-14 18:54:35.636 plugin-container[34866:17618099] *** CFMessagePort: bootstrap_register(): failed 1100 (0x44c) 'Permission denied', port = 0x71b7, name = 'com.apple.coredrag'
See /usr/include/servers/bootstrap_defs.h for the error codes.
JavaScript error: https://a.travel-assets.com/datacapture/2/js/dctk.js, line 22: Error: 4101 (The given Experiment details was null)
JavaScript warning: https://www.googletagmanager.com/gtag/js?id=AW-813670643, line 69: unreachable code after return statement
JavaScript warning: https://www.googletagmanager.com/gtag/js?id=AW-813670643, line 69: unreachable code after return statement
JavaScript warning: https://www.expedia.com/static/default/default/scripts/new-header/modal-gss.js, line 55: unreachable code after return statement
JavaScript warning: https://www.expedia.com/static/default/default/scripts/new-header/modal-gss.js, line 55: unreachable code after return statement
JavaScript warning: https://www.googletagmanager.com/gtag/js?id=DC-6769901, line 69: unreachable code after return statement
JavaScript warning: https://www.googletagmanager.com/gtag/js?id=DC-6769901, line 69: unreachable code after return statement
JavaScript warning: https://ajax.googleapis.com/ajax/libs/jquery/2.0.3/jquery.min.js, line 1: Using //@ to indicate sourceMappingURL pragmas is deprecated. Use //# instead
JavaScript error: https://a.travel-assets.com/bundles/scratchpad-web/scratchpad/scripts-1dcf827e5e80988e41b423c3b51c7427-min.js, line 116: TypeError: a is undefined
JavaScript warning: https://www.cheapoair.com/fpnext/js/jquery?v=M1WrbjhmQrjAcTkXBNZRqCpHOZJ8Vu62oSeT5XbCtgU1, line 1708: Using //@ to indicate sourceURL pragmas is deprecated. Use //# instead
JavaScript warning: https://www.cheapoair.com/fpnext/js/jquery?v=M1WrbjhmQrjAcTkXBNZRqCpHOZJ8Vu62oSeT5XbCtgU1 line 1 > eval, line 1708: Using //@ to indicate sourceURL pragmas is deprecated. Use //# instead
JavaScript warning: https://cdnjs.cloudflare.com/ajax/libs/jquery/1.9.1/jquery.min.js, line 1: Using //@ to indicate sourceMappingURL pragmas is deprecated. Use //# instead
IPDL protocol error: Handler returned error code!

###!!! [Parent][DispatchAsyncMessage] Error: PLayerTransaction::Msg_ReleaseLayer Processing error: message was deserialized, but the handler returned false (indicating failure)

IPDL protocol error: Handler returned error code!

###!!! [Parent][DispatchAsyncMessage] Error: PLayerTransaction::Msg_ReleaseLayer Processing error: message was deserialized, but the handler returned false (indicating failure)

IPDL protocol error: Handler returned error code!

###!!! [Parent][DispatchAsyncMessage] Error: PLayerTransaction::Msg_ReleaseLayer Processing error: message was deserialized, but the handler returned false (indicating failure)

IPDL protocol error: Handler returned error code!

###!!! [Parent][DispatchAsyncMessage] Error: PLayerTransaction::Msg_ReleaseLayer Processing error: message was deserialized, but the handler returned false (indicating failure)

IPDL protocol error: Handler returned error code!

###!!! [Parent][DispatchAsyncMessage] Error: PLayerTransaction::Msg_ReleaseLayer Processing error: message was deserialized, but the handler returned false (indicating failure)

IPDL protocol error: Handler returned error code!

###!!! [Parent][DispatchAsyncMessage] Error: PLayerTransaction::Msg_ReleaseLayer Processing error: message was deserialized, but the handler returned false (indicating failure)

IPDL protocol error: Handler returned error code!

###!!! [Parent][DispatchAsyncMessage] Error: PLayerTransaction::Msg_ReleaseLayer Processing error: message was deserialized, but the handler returned false (indicating failure)

JavaScript error: jar:file:///Applications/Firefox.app/Contents/Resources/omni.ja!/components/PeerConnection.js, line 1811: TypeError: this._dompc._pc is undefined

###!!! [Child][MessageChannel] Error: (msgtype=0x2D00B0,name=PContent::Msg_ScriptError) Channel closing: too late to send/recv, messages will be lost


###!!! [Child][RunMessage] Error: Channel closing: too late to send/recv, messages will be lost


###!!! [Child][RunMessage] Error: Channel closing: too late to send/recv, messages will be lost


###!!! [Child][RunMessage] Error: Channel closing: too late to send/recv, messages will be lost


###!!! [Child][RunMessage] Error: Channel closing: too late to send/recv, messages will be lost


###!!! [Child][RunMessage] Error: Channel closing: too late to send/recv, messages will be lost


###!!! [Child][RunMessage] Error: Channel closing: too late to send/recv, messages will be lost


###!!! [Child][RunMessage] Error: Channel closing: too late to send/recv, messages will be lost


###!!! [Child][MessageChannel] Error: (msgtype=0x2D00B0,name=PContent::Msg_ScriptError) Channel closing: too late to send/recv, messages will be lost


###!!! [Child][RunMessage] Error: Channel closing: too late to send/recv, messages will be lost


###!!! [Child][RunMessage] Error: Channel closing: too late to send/recv, messages will be lost


###!!! [Child][RunMessage] Error: Channel closing: too late to send/recv, messages will be lost


###!!! [Child][RunMessage] Error: Channel closing: too late to send/recv, messages will be lost


###!!! [Child][RunMessage] Error: Channel closing: too late to send/recv, messages will be lost


###!!! [Child][RunMessage] Error: Channel closing: too late to send/recv, messages will be lost


###!!! [Child][RunMessage] Error: Channel closing: too late to send/recv, messages will be lost


###!!! [Child][MessageChannel] Error: (msgtype=0x2D00B0,name=PContent::Msg_ScriptError) Channel closing: too late to send/recv, messages will be lost


###!!! [Child][RunMessage] Error: Channel closing: too late to send/recv, messages will be lost


###!!! [Child][RunMessage] Error: Channel closing: too late to send/recv, messages will be lost


###!!! [Child][RunMessage] Error: Channel closing: too late to send/recv, messages will be lost


###!!! [Child][MessageChannel] Error: (msgtype=0x2D00B0,name=PContent::Msg_ScriptError) Channel closing: too late to send/recv, messages will be lost


###!!! [Child][MessageChannel] Error: (msgtype=0x2D00B0,name=PContent::Msg_ScriptError) Channel closing: too late to send/recv, messages will be lost


###!!! [Child][RunMessage] Error: Channel closing: too late to send/recv, messages will be lost


###!!! [Child][RunMessage] Error: Channel closing: too late to send/recv, messages will be lost


###!!! [Child][RunMessage] Error: Channel closing: too late to send/recv, messages will be lost


###!!! [Child][RunMessage] Error: Channel closing: too late to send/recv, messages will be lost


###!!! [Child][MessageChannel] Error: (msgtype=0x2D00B0,name=PContent::Msg_ScriptError) Channel closing: too late to send/recv, messages will be lost


###!!! [Child][MessageChannel] Error: (msgtype=0x2D00B0,name=PContent::Msg_ScriptError) Channel closing: too late to send/recv, messages will be lost


###!!! [Child][RunMessage] Error: Channel closing: too late to send/recv, messages will be lost


###!!! [Child][RunMessage] Error: Channel closing: too late to send/recv, messages will be lost


###!!! [Child][MessageChannel] Error: (msgtype=0x2D00B0,name=PContent::Msg_ScriptError) Channel closing: too late to send/recv, messages will be lost


###!!! [Child][MessageChannel] Error: (msgtype=0x2D00B0,name=PContent::Msg_ScriptError) Channel closing: too late to send/recv, messages will be lost


###!!! [Child][MessageChannel] Error: (msgtype=0x2D00B0,name=PContent::Msg_ScriptError) Channel closing: too late to send/recv, messages will be lost


###!!! [Child][RunMessage] Error: Channel closing: too late to send/recv, messages will be lost


###!!! [Child][RunMessage] Error: Channel closing: too late to send/recv, messages will be lost


###!!! [Child][RunMessage] Error: Channel closing: too late to send/recv, messages will be lost


###!!! [Child][RunMessage] Error: Channel closing: too late to send/recv, messages will be lost


###!!! [Child][RunMessage] Error: Channel closing: too late to send/recv, messages will be lost


###!!! [Child][RunMessage] Error: Channel closing: too late to send/recv, messages will be lost


###!!! [Child][RunMessage] Error: Channel closing: too late to send/recv, messages will be lost


###!!! [Child][MessageChannel] Error: (msgtype=0x2D00B0,name=PContent::Msg_ScriptError) Channel closing: too late to send/recv, messages will be lost


###!!! [Child][RunMessage] Error: Channel closing: too late to send/recv, messages will be lost


###!!! [Child][RunMessage] Error: Channel closing: too late to send/recv, messages will be lost


###!!! [Child][RunMessage] Error: Channel closing: too late to send/recv, messages will be lost


###!!! [Child][RunMessage] Error: Channel closing: too late to send/recv, messages will be lost


###!!! [Child][RunMessage] Error: Channel closing: too late to send/recv, messages will be lost


###!!! [Child][MessageChannel] Error: (msgtype=0x2D00B0,name=PContent::Msg_ScriptError) Channel closing: too late to send/recv, messages will be lost


###!!! [Child][MessageChannel] Error: (msgtype=0x2D00B0,name=PContent::Msg_ScriptError) Channel closing: too late to send/recv, messages will be lost


###!!! [Child][MessageChannel] Error: (msgtype=0x2D00B0,name=PContent::Msg_ScriptError) Channel closing: too late to send/recv, messages will be lost


###!!! [Child][MessageChannel] Error: (msgtype=0x2D00B0,name=PContent::Msg_ScriptError) Channel closing: too late to send/recv, messages will be lost


###!!! [Child][RunMessage] Error: Channel closing: too late to send/recv, messages will be lost


###!!! [Child][RunMessage] Error: Channel closing: too late to send/recv, messages will be lost


###!!! [Child][RunMessage] Error: Channel closing: too late to send/recv, messages will be lost


###!!! [Child][RunMessage] Error: Channel closing: too late to send/recv, messages will be lost


###!!! [Child][RunMessage] Error: Channel closing: too late to send/recv, messages will be lost


###!!! [Child][RunMessage] Error: Channel closing: too late to send/recv, messages will be lost


###!!! [Child][MessageChannel] Error: (msgtype=0x2D00B0,name=PContent::Msg_ScriptError) Channel closing: too late to send/recv, messages will be lost


###!!! [Child][RunMessage] Error: Channel closing: too late to send/recv, messages will be lost


###!!! [Child][MessageChannel] Error: (msgtype=0x2D00B0,name=PContent::Msg_ScriptError) Channel closing: too late to send/recv, messages will be lost


###!!! [Child][MessageChannel] Error: (msgtype=0x2D00B0,name=PContent::Msg_ScriptError) Channel closing: too late to send/recv, messages will be lost


###!!! [Child][MessageChannel] Error: (msgtype=0x2D00B0,name=PContent::Msg_ScriptError) Channel closing: too late to send/recv, messages will be lost


###!!! [Child][MessageChannel] Error: (msgtype=0x2D00B0,name=PContent::Msg_ScriptError) Channel closing: too late to send/recv, messages will be lost


###!!! [Child][MessageChannel] Error: (msgtype=0x2D00B0,name=PContent::Msg_ScriptError) Channel closing: too late to send/recv, messages will be lost


###!!! [Child][MessageChannel] Error: (msgtype=0x2D00B0,name=PContent::Msg_ScriptError) Channel closing: too late to send/recv, messages will be lost


###!!! [Child][RunMessage] Error: Channel closing: too late to send/recv, messages will be lost


###!!! [Child][MessageChannel] Error: (msgtype=0x2D00B0,name=PContent::Msg_ScriptError) Channel closing: too late to send/recv, messages will be lost

1534291043233	geckodriver	INFO	geckodriver 0.21.0
1534291043244	geckodriver	INFO	Listening on 127.0.0.1:56914
1534291044287	mozrunner::runner	INFO	Running command: "/Applications/Firefox.app/Contents/MacOS/firefox-bin" "-marionette" "-foreground" "-no-remote" "-profile" "/var/folders/13/k8jwz8ls211618nndm3cmsz80000gn/T/rust_mozprofile.EXzlLXDTJnP0"
2018-08-14 18:57:25.814 plugin-container[34882:17630221] *** CFMessagePort: bootstrap_register(): failed 1100 (0x44c) 'Permission denied', port = 0x860b, name = 'com.apple.tsm.portname'
See /usr/include/servers/bootstrap_defs.h for the error codes.
2018-08-14 18:57:26.117 plugin-container[34882:17630221] *** CFMessagePort: bootstrap_register(): failed 1100 (0x44c) 'Permission denied', port = 0x860b, name = 'com.apple.coredrag'
See /usr/include/servers/bootstrap_defs.h for the error codes.
2018-08-14 18:57:26.134 plugin-container[34883:17630246] *** CFMessagePort: bootstrap_register(): failed 1100 (0x44c) 'Permission denied', port = 0x7743, name = 'com.apple.tsm.portname'
See /usr/include/servers/bootstrap_defs.h for the error codes.
2018-08-14 18:57:26.279 plugin-container[34883:17630246] *** CFMessagePort: bootstrap_register(): failed 1100 (0x44c) 'Permission denied', port = 0x7703, name = 'com.apple.coredrag'
See /usr/include/servers/bootstrap_defs.h for the error codes.
1534291046356	Marionette	INFO	Listening on port 56929
1534291046466	Marionette	WARN	TLS certificate errors will be ignored for this session
2018-08-14 18:57:27.294 plugin-container[34884:17630404] *** CFMessagePort: bootstrap_register(): failed 1100 (0x44c) 'Permission denied', port = 0x7537, name = 'com.apple.tsm.portname'
See /usr/include/servers/bootstrap_defs.h for the error codes.
2018-08-14 18:57:27.393 plugin-container[34884:17630404] *** CFMessagePort: bootstrap_register(): failed 1100 (0x44c) 'Permission denied', port = 0x7537, name = 'com.apple.coredrag'
See /usr/include/servers/bootstrap_defs.h for the error codes.
JavaScript error: https://a.travel-assets.com/datacapture/2/js/dctk.js, line 22: Error: 4101 (The given Experiment details was null)
JavaScript warning: https://www.googletagmanager.com/gtag/js?id=DC-6769901, line 69: unreachable code after return statement
JavaScript warning: https://www.googletagmanager.com/gtag/js?id=DC-6769901, line 69: unreachable code after return statement
JavaScript error: https://suggest.expedia.com/api/v4/typeahead/?callback=cb_1534291048704_0&client=Homepage&siteid=1&guid=50691138ecc94b808efd8687973fb564&lob=FLIGHTS&locale=en_US&expuserid=-1&regiontype=95&ab=&dest=true&maxresults=10&features=nearby_airport%7Cta_hierarchy&originSearchString=SFO&format=jsonp&device=Desktop&browser=Firefox&personalize=true, line 1: ReferenceError: cb_1534291048704_0 is not defined
JavaScript warning: https://www.expedia.com/static/default/default/scripts/new-header/modal-gss.js, line 55: unreachable code after return statement
JavaScript warning: https://www.expedia.com/static/default/default/scripts/new-header/modal-gss.js, line 55: unreachable code after return statement
JavaScript warning: https://www.googletagmanager.com/gtag/js?id=AW-800330014, line 69: unreachable code after return statement
JavaScript warning: https://www.googletagmanager.com/gtag/js?id=AW-800330014, line 69: unreachable code after return statement
JavaScript warning: https://ajax.googleapis.com/ajax/libs/jquery/2.0.3/jquery.min.js, line 1: Using //@ to indicate sourceMappingURL pragmas is deprecated. Use //# instead
JavaScript warning: https://secure.img-cdn.mediaplex.com/content/0/1551/TX_HOWMUCH_728x90_447_110117/js/jquery-2.0.3.min.js, line 1: Using //@ to indicate sourceMappingURL pragmas is deprecated. Use //# instead
*** UTM:SVC TimerManager:registerTimer called after profile-before-change notification. Ignoring timer registration for id: telemetry_modules_ping
1534291195770	geckodriver	INFO	geckodriver 0.21.0
1534291195777	geckodriver	INFO	Listening on 127.0.0.1:58306
1534291195794	mozrunner::runner	INFO	Running command: "/Applications/Firefox.app/Contents/MacOS/firefox-bin" "-marionette" "-foreground" "-no-remote" "-profile" "/var/folders/13/k8jwz8ls211618nndm3cmsz80000gn/T/rust_mozprofile.quQcblYgU5J8"
2018-08-14 18:59:57.462 plugin-container[34908:17638886] *** CFMessagePort: bootstrap_register(): failed 1100 (0x44c) 'Permission denied', port = 0x8843, name = 'com.apple.tsm.portname'
See /usr/include/servers/bootstrap_defs.h for the error codes.
2018-08-14 18:59:57.655 plugin-container[34908:17638886] *** CFMessagePort: bootstrap_register(): failed 1100 (0x44c) 'Permission denied', port = 0x8843, name = 'com.apple.coredrag'
See /usr/include/servers/bootstrap_defs.h for the error codes.
2018-08-14 18:59:57.694 plugin-container[34909:17638935] *** CFMessagePort: bootstrap_register(): failed 1100 (0x44c) 'Permission denied', port = 0x873f, name = 'com.apple.tsm.portname'
See /usr/include/servers/bootstrap_defs.h for the error codes.
2018-08-14 18:59:57.880 plugin-container[34909:17638935] *** CFMessagePort: bootstrap_register(): failed 1100 (0x44c) 'Permission denied', port = 0x87b7, name = 'com.apple.coredrag'
See /usr/include/servers/bootstrap_defs.h for the error codes.
1534291198391	Marionette	INFO	Listening on port 58315
1534291198480	Marionette	WARN	TLS certificate errors will be ignored for this session
2018-08-14 18:59:58.565 plugin-container[34910:17639099] *** CFMessagePort: bootstrap_register(): failed 1100 (0x44c) 'Permission denied', port = 0x873f, name = 'com.apple.tsm.portname'
See /usr/include/servers/bootstrap_defs.h for the error codes.
2018-08-14 18:59:58.754 plugin-container[34910:17639099] *** CFMessagePort: bootstrap_register(): failed 1100 (0x44c) 'Permission denied', port = 0x87bb, name = 'com.apple.coredrag'
See /usr/include/servers/bootstrap_defs.h for the error codes.
JavaScript error: https://a.travel-assets.com/datacapture/2/js/dctk.js, line 22: Error: 4101 (The given Experiment details was null)
JavaScript warning: https://www.googletagmanager.com/gtag/js?id=AW-800330014, line 69: unreachable code after return statement
JavaScript warning: https://www.googletagmanager.com/gtag/js?id=AW-800330014, line 69: unreachable code after return statement
JavaScript warning: https://www.expedia.com/static/default/default/scripts/new-header/modal-gss.js, line 55: unreachable code after return statement
JavaScript warning: https://www.expedia.com/static/default/default/scripts/new-header/modal-gss.js, line 55: unreachable code after return statement
JavaScript warning: https://www.googletagmanager.com/gtag/js?id=AW-800330014, line 69: unreachable code after return statement
JavaScript warning: https://www.googletagmanager.com/gtag/js?id=AW-800330014, line 69: unreachable code after return statement
1534291659494	geckodriver	INFO	geckodriver 0.21.0
1534291659552	geckodriver	INFO	Listening on 127.0.0.1:61921
1534291660495	mozrunner::runner	INFO	Running command: "/Applications/Firefox.app/Contents/MacOS/firefox-bin" "-marionette" "-foreground" "-no-remote" "-profile" "/var/folders/13/k8jwz8ls211618nndm3cmsz80000gn/T/rust_mozprofile.KRF6PKZ23HsG"
2018-08-14 19:07:42.729 plugin-container[34960:17676073] *** CFMessagePort: bootstrap_register(): failed 1100 (0x44c) 'Permission denied', port = 0x7747, name = 'com.apple.tsm.portname'
See /usr/include/servers/bootstrap_defs.h for the error codes.
2018-08-14 19:07:42.977 plugin-container[34960:17676073] *** CFMessagePort: bootstrap_register(): failed 1100 (0x44c) 'Permission denied', port = 0x77c3, name = 'com.apple.coredrag'
See /usr/include/servers/bootstrap_defs.h for the error codes.
2018-08-14 19:07:43.012 plugin-container[34961:17676097] *** CFMessagePort: bootstrap_register(): failed 1100 (0x44c) 'Permission denied', port = 0x8947, name = 'com.apple.tsm.portname'
See /usr/include/servers/bootstrap_defs.h for the error codes.
2018-08-14 19:07:43.205 plugin-container[34961:17676097] *** CFMessagePort: bootstrap_register(): failed 1100 (0x44c) 'Permission denied', port = 0x7c27, name = 'com.apple.coredrag'
See /usr/include/servers/bootstrap_defs.h for the error codes.
1534291663348	Marionette	INFO	Listening on port 61966
1534291663380	Marionette	WARN	TLS certificate errors will be ignored for this session
2018-08-14 19:07:44.302 plugin-container[34962:17676207] *** CFMessagePort: bootstrap_register(): failed 1100 (0x44c) 'Permission denied', port = 0x893f, name = 'com.apple.tsm.portname'
See /usr/include/servers/bootstrap_defs.h for the error codes.
2018-08-14 19:07:44.398 plugin-container[34962:17676207] *** CFMessagePort: bootstrap_register(): failed 1100 (0x44c) 'Permission denied', port = 0x895f, name = 'com.apple.coredrag'
See /usr/include/servers/bootstrap_defs.h for the error codes.
JavaScript error: https://a.travel-assets.com/datacapture/2/js/dctk.js, line 22: Error: 4101 (The given Experiment details was null)
JavaScript warning: https://www.googletagmanager.com/gtag/js?id=DC-6769901, line 69: unreachable code after return statement
JavaScript warning: https://www.googletagmanager.com/gtag/js?id=DC-6769901, line 69: unreachable code after return statement
JavaScript warning: https://www.expedia.com/static/default/default/scripts/new-header/modal-gss.js, line 55: unreachable code after return statement
JavaScript warning: https://www.expedia.com/static/default/default/scripts/new-header/modal-gss.js, line 55: unreachable code after return statement
JavaScript warning: https://www.googletagmanager.com/gtag/js?id=AW-800330014, line 69: unreachable code after return statement
JavaScript warning: https://www.googletagmanager.com/gtag/js?id=AW-800330014, line 69: unreachable code after return statement
*** UTM:SVC TimerManager:registerTimer called after profile-before-change notification. Ignoring timer registration for id: telemetry_modules_ping
1534291807192	geckodriver	INFO	geckodriver 0.21.0
1534291807200	geckodriver	INFO	Listening on 127.0.0.1:63311
1534291807222	mozrunner::runner	INFO	Running command: "/Applications/Firefox.app/Contents/MacOS/firefox-bin" "-marionette" "-foreground" "-no-remote" "-profile" "/var/folders/13/k8jwz8ls211618nndm3cmsz80000gn/T/rust_mozprofile.wVIP3u2hb1wr"
2018-08-14 19:10:08.903 plugin-container[34991:17683692] *** CFMessagePort: bootstrap_register(): failed 1100 (0x44c) 'Permission denied', port = 0x7747, name = 'com.apple.tsm.portname'
See /usr/include/servers/bootstrap_defs.h for the error codes.
2018-08-14 19:10:09.200 plugin-container[34992:17683726] *** CFMessagePort: bootstrap_register(): failed 1100 (0x44c) 'Permission denied', port = 0x770b, name = 'com.apple.tsm.portname'
See /usr/include/servers/bootstrap_defs.h for the error codes.
2018-08-14 19:10:09.216 plugin-container[34991:17683692] *** CFMessagePort: bootstrap_register(): failed 1100 (0x44c) 'Permission denied', port = 0x77c3, name = 'com.apple.coredrag'
See /usr/include/servers/bootstrap_defs.h for the error codes.
2018-08-14 19:10:09.375 plugin-container[34992:17683726] *** CFMessagePort: bootstrap_register(): failed 1100 (0x44c) 'Permission denied', port = 0x7787, name = 'com.apple.coredrag'
See /usr/include/servers/bootstrap_defs.h for the error codes.
1534291809568	Marionette	INFO	Listening on port 63320
1534291809575	Marionette	WARN	TLS certificate errors will be ignored for this session
2018-08-14 19:10:10.376 plugin-container[34993:17683834] *** CFMessagePort: bootstrap_register(): failed 1100 (0x44c) 'Permission denied', port = 0x7a43, name = 'com.apple.tsm.portname'
See /usr/include/servers/bootstrap_defs.h for the error codes.
2018-08-14 19:10:10.475 plugin-container[34993:17683834] *** CFMessagePort: bootstrap_register(): failed 1100 (0x44c) 'Permission denied', port = 0x7a43, name = 'com.apple.coredrag'
See /usr/include/servers/bootstrap_defs.h for the error codes.
JavaScript error: https://a.travel-assets.com/datacapture/2/js/dctk.js, line 22: Error: 4101 (The given Experiment details was null)
JavaScript warning: https://www.googletagmanager.com/gtag/js?id=AW-800330014, line 69: unreachable code after return statement
JavaScript warning: https://www.googletagmanager.com/gtag/js?id=AW-800330014, line 69: unreachable code after return statement
JavaScript error: https://a.cdn.intentmedia.net/a1/javascripts/intent_media_expedia_ads_legacy.js, line 1: TypeError: r[i] is undefined
JavaScript warning: https://www.expedia.com/static/default/default/scripts/new-header/modal-gss.js, line 55: unreachable code after return statement
JavaScript warning: https://www.expedia.com/static/default/default/scripts/new-header/modal-gss.js, line 55: unreachable code after return statement
JavaScript warning: https://www.googletagmanager.com/gtag/js?id=DC-6769901, line 69: unreachable code after return statement
JavaScript warning: https://www.googletagmanager.com/gtag/js?id=DC-6769901, line 69: unreachable code after return statement
JavaScript warning: https://ajax.googleapis.com/ajax/libs/jquery/2.0.3/jquery.min.js, line 1: Using //@ to indicate sourceMappingURL pragmas is deprecated. Use //# instead
JavaScript warning: https://ajax.googleapis.com/ajax/libs/jquery/2.0.3/jquery.min.js, line 1: Using //@ to indicate sourceMappingURL pragmas is deprecated. Use //# instead

###!!! [Child][MessageChannel] Error: (msgtype=0x550027,name=PNecko::Msg_RemoveRequestContext) Channel closing: too late to send/recv, messages will be lost


###!!! [Child][RunMessage] Error: Channel closing: too late to send/recv, messages will be lost


###!!! [Child][RunMessage] Error: Channel closing: too late to send/recv, messages will be lost


###!!! [Child][RunMessage] Error: Channel closing: too late to send/recv, messages will be lost


###!!! [Child][RunMessage] Error: Channel closing: too late to send/recv, messages will be lost

*** UTM:SVC TimerManager:registerTimer called after profile-before-change notification. Ignoring timer registration for id: telemetry_modules_ping
1534292207679	geckodriver	INFO	geckodriver 0.21.0
1534292207691	geckodriver	INFO	Listening on 127.0.0.1:50182
1534292208645	mozrunner::runner	INFO	Running command: "/Applications/Firefox.app/Contents/MacOS/firefox-bin" "-marionette" "-foreground" "-no-remote" "-profile" "/var/folders/13/k8jwz8ls211618nndm3cmsz80000gn/T/rust_mozprofile.lxtX8yW5PiLl"
2018-08-14 19:16:51.175 plugin-container[35030:17715721] *** CFMessagePort: bootstrap_register(): failed 1100 (0x44c) 'Permission denied', port = 0x880b, name = 'com.apple.tsm.portname'
See /usr/include/servers/bootstrap_defs.h for the error codes.
2018-08-14 19:16:51.537 plugin-container[35030:17715721] *** CFMessagePort: bootstrap_register(): failed 1100 (0x44c) 'Permission denied', port = 0x8887, name = 'com.apple.coredrag'
See /usr/include/servers/bootstrap_defs.h for the error codes.
2018-08-14 19:16:51.612 plugin-container[35031:17715749] *** CFMessagePort: bootstrap_register(): failed 1100 (0x44c) 'Permission denied', port = 0x8547, name = 'com.apple.tsm.portname'
See /usr/include/servers/bootstrap_defs.h for the error codes.
2018-08-14 19:16:51.841 plugin-container[35031:17715749] *** CFMessagePort: bootstrap_register(): failed 1100 (0x44c) 'Permission denied', port = 0x7427, name = 'com.apple.coredrag'
See /usr/include/servers/bootstrap_defs.h for the error codes.
1534292212254	Marionette	INFO	Listening on port 50201
1534292212326	Marionette	WARN	TLS certificate errors will be ignored for this session
2018-08-14 19:16:52.519 plugin-container[35032:17715883] *** CFMessagePort: bootstrap_register(): failed 1100 (0x44c) 'Permission denied', port = 0x8707, name = 'com.apple.tsm.portname'
See /usr/include/servers/bootstrap_defs.h for the error codes.
2018-08-14 19:16:52.817 plugin-container[35032:17715883] *** CFMessagePort: bootstrap_register(): failed 1100 (0x44c) 'Permission denied', port = 0x870f, name = 'com.apple.coredrag'
See /usr/include/servers/bootstrap_defs.h for the error codes.
JavaScript error: https://a.travel-assets.com/datacapture/2/js/dctk.js, line 22: Error: 4101 (The given Experiment details was null)
JavaScript warning: https://www.googletagmanager.com/gtag/js?id=AW-800330014, line 69: unreachable code after return statement
JavaScript warning: https://www.googletagmanager.com/gtag/js?id=AW-800330014, line 69: unreachable code after return statement
JavaScript warning: https://www.expedia.com/static/default/default/scripts/new-header/modal-gss.js, line 55: unreachable code after return statement
JavaScript warning: https://www.expedia.com/static/default/default/scripts/new-header/modal-gss.js, line 55: unreachable code after return statement
JavaScript warning: https://www.googletagmanager.com/gtag/js?id=AW-800330014, line 69: unreachable code after return statement
JavaScript warning: https://www.googletagmanager.com/gtag/js?id=AW-800330014, line 69: unreachable code after return statement
JavaScript error: https://b.travel-assets.com/datacapture/2/js/analytics-core-bundle-min.js, line 22: Error: 4101 (The given Experiment details was null)
JavaScript error: https://b.travel-assets.com/datacapture/2/js/analytics-core-bundle-min.js, line 22: Error: 4101 (The given Experiment details was null)
JavaScript error: https://fw.adsafeprotected.com/rjss/www.googletagservices.com/188641/27441420/dcm/dcmads.js, line 818: NS_ERROR_NOT_INITIALIZED: 
JavaScript error: https://b.travel-assets.com/datacapture/2/js/analytics-core-bundle-min.js, line 22: Error: 4101 (The given Experiment details was null)
JavaScript error: resource:///modules/FormSubmitObserver.jsm, line 214: TypeError: this._mm is null
*** UTM:SVC TimerManager:registerTimer called after profile-before-change notification. Ignoring timer registration for id: telemetry_modules_ping
1534292369901	geckodriver	INFO	geckodriver 0.21.0
1534292369974	geckodriver	INFO	Listening on 127.0.0.1:51652
1534292370970	mozrunner::runner	INFO	Running command: "/Applications/Firefox.app/Contents/MacOS/firefox-bin" "-marionette" "-foreground" "-no-remote" "-profile" "/var/folders/13/k8jwz8ls211618nndm3cmsz80000gn/T/rust_mozprofile.SCx0AsLQZJyB"
2018-08-14 19:19:33.968 plugin-container[35045:17725920] *** CFMessagePort: bootstrap_register(): failed 1100 (0x44c) 'Permission denied', port = 0x8243, name = 'com.apple.tsm.portname'
See /usr/include/servers/bootstrap_defs.h for the error codes.
2018-08-14 19:19:34.273 plugin-container[35046:17725952] *** CFMessagePort: bootstrap_register(): failed 1100 (0x44c) 'Permission denied', port = 0x7303, name = 'com.apple.tsm.portname'
See /usr/include/servers/bootstrap_defs.h for the error codes.
2018-08-14 19:19:34.355 plugin-container[35045:17725920] *** CFMessagePort: bootstrap_register(): failed 1100 (0x44c) 'Permission denied', port = 0x82bf, name = 'com.apple.coredrag'
See /usr/include/servers/bootstrap_defs.h for the error codes.
2018-08-14 19:19:34.458 plugin-container[35046:17725952] *** CFMessagePort: bootstrap_register(): failed 1100 (0x44c) 'Permission denied', port = 0x7333, name = 'com.apple.coredrag'
See /usr/include/servers/bootstrap_defs.h for the error codes.
1534292374803	Marionette	INFO	Listening on port 51668
1534292374848	Marionette	WARN	TLS certificate errors will be ignored for this session
2018-08-14 19:19:35.067 plugin-container[35047:17726055] *** CFMessagePort: bootstrap_register(): failed 1100 (0x44c) 'Permission denied', port = 0x7643, name = 'com.apple.tsm.portname'
See /usr/include/servers/bootstrap_defs.h for the error codes.
2018-08-14 19:19:35.207 plugin-container[35047:17726055] *** CFMessagePort: bootstrap_register(): failed 1100 (0x44c) 'Permission denied', port = 0x76bf, name = 'com.apple.coredrag'
See /usr/include/servers/bootstrap_defs.h for the error codes.
JavaScript error: https://a.travel-assets.com/datacapture/2/js/dctk.js, line 22: Error: 4101 (The given Experiment details was null)
JavaScript warning: https://www.googletagmanager.com/gtag/js?id=AW-800330014, line 69: unreachable code after return statement
JavaScript warning: https://www.googletagmanager.com/gtag/js?id=AW-800330014, line 69: unreachable code after return statement
JavaScript warning: https://www.expedia.com/static/default/default/scripts/new-header/modal-gss.js, line 55: unreachable code after return statement
JavaScript warning: https://www.expedia.com/static/default/default/scripts/new-header/modal-gss.js, line 55: unreachable code after return statement
JavaScript warning: https://www.googletagmanager.com/gtag/js?id=AW-800330014, line 69: unreachable code after return statement
JavaScript warning: https://www.googletagmanager.com/gtag/js?id=AW-800330014, line 69: unreachable code after return statement
JavaScript error: https://cdn.doubleverify.com/dv-measurements236.js, line 50: NS_ERROR_NOT_INITIALIZED: 
JavaScript error: https://cdn.doubleverify.com/dv-measurements236.js, line 50: NS_ERROR_NOT_INITIALIZED: 
JavaScript error: https://b.travel-assets.com/datacapture/2/js/analytics-core-bundle-min.js, line 22: Error: 4101 (The given Experiment details was null)

###!!! [Child][RunMessage] Error: Channel closing: too late to send/recv, messages will be lost


###!!! [Child][MessageChannel] Error: (msgtype=0x2D00B0,name=PContent::Msg_ScriptError) Channel closing: too late to send/recv, messages will be lost


###!!! [Child][MessageChannel] Error: (msgtype=0x550016,name=PNecko::Msg_PredLearn) Channel closing: too late to send/recv, messages will be lost


###!!! [Child][MessageChannel] Error: (msgtype=0x2D00B0,name=PContent::Msg_ScriptError) Channel closing: too late to send/recv, messages will be lost


###!!! [Child][MessageChannel] Error: (msgtype=0x2D00B0,name=PContent::Msg_ScriptError) Channel closing: too late to send/recv, messages will be lost


###!!! [Child][MessageChannel] Error: (msgtype=0x2D00B0,name=PContent::Msg_ScriptError) Channel closing: too late to send/recv, messages will be lost


###!!! [Child][RunMessage] Error: Channel closing: too late to send/recv, messages will be lost


###!!! [Child][RunMessage] Error: Channel closing: too late to send/recv, messages will be lost


###!!! [Child][RunMessage] Error: Channel closing: too late to send/recv, messages will be lost


###!!! [Child][RunMessage] Error: Channel closing: too late to send/recv, messages will be lost


###!!! [Child][RunMessage] Error: Channel closing: too late to send/recv, messages will be lost

*** UTM:SVC TimerManager:registerTimer called after profile-before-change notification. Ignoring timer registration for id: telemetry_modules_ping
1534292930605	geckodriver	INFO	geckodriver 0.21.0
1534292930684	geckodriver	INFO	Listening on 127.0.0.1:56044
1534292931593	mozrunner::runner	INFO	Running command: "/Applications/Firefox.app/Contents/MacOS/firefox-bin" "-marionette" "-foreground" "-no-remote" "-profile" "/var/folders/13/k8jwz8ls211618nndm3cmsz80000gn/T/rust_mozprofile.lPKMKK5oQacM"
2018-08-14 19:28:54.239 plugin-container[35101:17756512] *** CFMessagePort: bootstrap_register(): failed 1100 (0x44c) 'Permission denied', port = 0x8143, name = 'com.apple.tsm.portname'
See /usr/include/servers/bootstrap_defs.h for the error codes.
2018-08-14 19:28:54.710 plugin-container[35102:17756545] *** CFMessagePort: bootstrap_register(): failed 1100 (0x44c) 'Permission denied', port = 0x8207, name = 'com.apple.tsm.portname'
See /usr/include/servers/bootstrap_defs.h for the error codes.
2018-08-14 19:28:54.745 plugin-container[35101:17756512] *** CFMessagePort: bootstrap_register(): failed 1100 (0x44c) 'Permission denied', port = 0x8103, name = 'com.apple.coredrag'
See /usr/include/servers/bootstrap_defs.h for the error codes.
2018-08-14 19:28:54.947 plugin-container[35102:17756545] *** CFMessagePort: bootstrap_register(): failed 1100 (0x44c) 'Permission denied', port = 0x8167, name = 'com.apple.coredrag'
See /usr/include/servers/bootstrap_defs.h for the error codes.
1534292935515	Marionette	INFO	Listening on port 56061
2018-08-14 19:28:55.587 plugin-container[35103:17756681] *** CFMessagePort: bootstrap_register(): failed 1100 (0x44c) 'Permission denied', port = 0x743f, name = 'com.apple.tsm.portname'
See /usr/include/servers/bootstrap_defs.h for the error codes.
1534292935640	Marionette	WARN	TLS certificate errors will be ignored for this session
2018-08-14 19:28:55.711 plugin-container[35103:17756681] *** CFMessagePort: bootstrap_register(): failed 1100 (0x44c) 'Permission denied', port = 0x74bb, name = 'com.apple.coredrag'
See /usr/include/servers/bootstrap_defs.h for the error codes.
JavaScript error: https://a.travel-assets.com/datacapture/2/js/dctk.js, line 22: Error: 4101 (The given Experiment details was null)
JavaScript warning: https://www.googletagmanager.com/gtag/js?id=AW-800330014, line 69: unreachable code after return statement
JavaScript warning: https://www.googletagmanager.com/gtag/js?id=AW-800330014, line 69: unreachable code after return statement
JavaScript warning: https://www.expedia.com/static/default/default/scripts/new-header/modal-gss.js, line 55: unreachable code after return statement
JavaScript warning: https://www.expedia.com/static/default/default/scripts/new-header/modal-gss.js, line 55: unreachable code after return statement
JavaScript warning: https://www.googletagmanager.com/gtag/js?id=AW-800330014, line 69: unreachable code after return statement
JavaScript warning: https://www.googletagmanager.com/gtag/js?id=AW-800330014, line 69: unreachable code after return statement

###!!! [Child][RunMessage] Error: Channel closing: too late to send/recv, messages will be lost


###!!! [Child][RunMessage] Error: Channel closing: too late to send/recv, messages will be lost

*** UTM:SVC TimerManager:registerTimer called after profile-before-change notification. Ignoring timer registration for id: telemetry_modules_ping
1534293044747	geckodriver	INFO	geckodriver 0.21.0
1534293044792	geckodriver	INFO	Listening on 127.0.0.1:57146
1534293045741	mozrunner::runner	INFO	Running command: "/Applications/Firefox.app/Contents/MacOS/firefox-bin" "-marionette" "-foreground" "-no-remote" "-profile" "/var/folders/13/k8jwz8ls211618nndm3cmsz80000gn/T/rust_mozprofile.JA3xMTN19oaN"
2018-08-14 19:30:48.422 plugin-container[35120:17763365] *** CFMessagePort: bootstrap_register(): failed 1100 (0x44c) 'Permission denied', port = 0x7e0b, name = 'com.apple.tsm.portname'
See /usr/include/servers/bootstrap_defs.h for the error codes.
2018-08-14 19:30:48.808 plugin-container[35120:17763365] *** CFMessagePort: bootstrap_register(): failed 1100 (0x44c) 'Permission denied', port = 0x7e0b, name = 'com.apple.coredrag'
See /usr/include/servers/bootstrap_defs.h for the error codes.
2018-08-14 19:30:48.915 plugin-container[35121:17763390] *** CFMessagePort: bootstrap_register(): failed 1100 (0x44c) 'Permission denied', port = 0x8407, name = 'com.apple.tsm.portname'
See /usr/include/servers/bootstrap_defs.h for the error codes.
2018-08-14 19:30:49.142 plugin-container[35121:17763390] *** CFMessagePort: bootstrap_register(): failed 1100 (0x44c) 'Permission denied', port = 0x228b, name = 'com.apple.coredrag'
See /usr/include/servers/bootstrap_defs.h for the error codes.
1534293049219	Marionette	INFO	Listening on port 57167
1534293049243	Marionette	WARN	TLS certificate errors will be ignored for this session
2018-08-14 19:30:50.429 plugin-container[35122:17763518] *** CFMessagePort: bootstrap_register(): failed 1100 (0x44c) 'Permission denied', port = 0x7303, name = 'com.apple.tsm.portname'
See /usr/include/servers/bootstrap_defs.h for the error codes.
2018-08-14 19:30:50.532 plugin-container[35122:17763518] *** CFMessagePort: bootstrap_register(): failed 1100 (0x44c) 'Permission denied', port = 0x737f, name = 'com.apple.coredrag'
See /usr/include/servers/bootstrap_defs.h for the error codes.
JavaScript error: https://a.travel-assets.com/datacapture/2/js/dctk.js, line 22: Error: 4101 (The given Experiment details was null)
JavaScript warning: https://www.googletagmanager.com/gtag/js?id=AW-800330014, line 69: unreachable code after return statement
JavaScript warning: https://www.googletagmanager.com/gtag/js?id=AW-800330014, line 69: unreachable code after return statement
JavaScript error: https://suggest.expedia.com/api/v4/typeahead/?callback=cb_1534293051635_0&client=Homepage&siteid=1&guid=e6aa1fa445bc4b1482f550a5182faf21&lob=FLIGHTS&locale=en_US&expuserid=-1&regiontype=95&ab=&dest=true&maxresults=10&features=ta_hierarchy%7Cnearby_airport&originSearchString=SFO&format=jsonp&device=Desktop&browser=Firefox&personalize=true, line 1: ReferenceError: cb_1534293051635_0 is not defined
JavaScript warning: https://www.expedia.com/static/default/default/scripts/new-header/modal-gss.js, line 55: unreachable code after return statement
JavaScript warning: https://www.expedia.com/static/default/default/scripts/new-header/modal-gss.js, line 55: unreachable code after return statement
JavaScript warning: https://www.googletagmanager.com/gtag/js?id=AW-800330014, line 69: unreachable code after return statement
JavaScript warning: https://www.googletagmanager.com/gtag/js?id=AW-800330014, line 69: unreachable code after return statement
JavaScript warning: https://secure.img-cdn.mediaplex.com/content/0/1551/TX_HOWMUCH_728x90_447_110117/js/jquery-2.0.3.min.js, line 1: Using //@ to indicate sourceMappingURL pragmas is deprecated. Use //# instead
JavaScript error: https://cdn.doubleverify.com/dv-measurements236.js, line 50: NS_ERROR_NOT_INITIALIZED: 

###!!! [Parent][MessageChannel] Error: (msgtype=0x11003C,name=PBackground::Msg_DispatchLocalStorageChange) Channel closing: too late to send/recv, messages will be lost

JavaScript error: https://b.travel-assets.com/datacapture/2/js/analytics-core-bundle-min.js, line 22: Error: 4101 (The given Experiment details was null)

###!!! [Child][RunMessage] Error: Channel closing: too late to send/recv, messages will be lost


###!!! [Child][RunMessage] Error: Channel closing: too late to send/recv, messages will be lost


###!!! [Child][RunMessage] Error: Channel closing: too late to send/recv, messages will be lost

*** UTM:SVC TimerManager:registerTimer called after profile-before-change notification. Ignoring timer registration for id: telemetry_modules_ping
1534293316777	geckodriver	INFO	geckodriver 0.21.0
1534293316903	geckodriver	INFO	Listening on 127.0.0.1:59428
1534293317650	mozrunner::runner	INFO	Running command: "/Applications/Firefox.app/Contents/MacOS/firefox-bin" "-marionette" "-foreground" "-no-remote" "-profile" "/var/folders/13/k8jwz8ls211618nndm3cmsz80000gn/T/rust_mozprofile.PgGf1o9pcOA8"
2018-08-14 19:35:19.944 plugin-container[35153:17781767] *** CFMessagePort: bootstrap_register(): failed 1100 (0x44c) 'Permission denied', port = 0x7b47, name = 'com.apple.tsm.portname'
See /usr/include/servers/bootstrap_defs.h for the error codes.
2018-08-14 19:35:20.498 plugin-container[35153:17781767] *** CFMessagePort: bootstrap_register(): failed 1100 (0x44c) 'Permission denied', port = 0x7c27, name = 'com.apple.coredrag'
See /usr/include/servers/bootstrap_defs.h for the error codes.
2018-08-14 19:35:20.635 plugin-container[35154:17781802] *** CFMessagePort: bootstrap_register(): failed 1100 (0x44c) 'Permission denied', port = 0x750b, name = 'com.apple.tsm.portname'
See /usr/include/servers/bootstrap_defs.h for the error codes.
2018-08-14 19:35:20.898 plugin-container[35154:17781802] *** CFMessagePort: bootstrap_register(): failed 1100 (0x44c) 'Permission denied', port = 0x7587, name = 'com.apple.coredrag'
See /usr/include/servers/bootstrap_defs.h for the error codes.
1534293321208	Marionette	INFO	Listening on port 59449
1534293321290	Marionette	WARN	TLS certificate errors will be ignored for this session
2018-08-14 19:35:21.484 plugin-container[35155:17781901] *** CFMessagePort: bootstrap_register(): failed 1100 (0x44c) 'Permission denied', port = 0x7243, name = 'com.apple.tsm.portname'
See /usr/include/servers/bootstrap_defs.h for the error codes.
2018-08-14 19:35:21.807 plugin-container[35155:17781901] *** CFMessagePort: bootstrap_register(): failed 1100 (0x44c) 'Permission denied', port = 0x736f, name = 'com.apple.coredrag'
See /usr/include/servers/bootstrap_defs.h for the error codes.
JavaScript error: https://a.travel-assets.com/datacapture/2/js/dctk.js, line 22: Error: 4101 (The given Experiment details was null)
JavaScript warning: https://www.googletagmanager.com/gtag/js?id=AW-800330014, line 69: unreachable code after return statement
JavaScript warning: https://www.googletagmanager.com/gtag/js?id=AW-800330014, line 69: unreachable code after return statement
JavaScript warning: https://www.expedia.com/static/default/default/scripts/new-header/modal-gss.js, line 55: unreachable code after return statement
JavaScript warning: https://www.expedia.com/static/default/default/scripts/new-header/modal-gss.js, line 55: unreachable code after return statement
JavaScript error: https://b.travel-assets.com/datacapture/2/js/analytics-core-bundle-min.js, line 22: Error: 4101 (The given Experiment details was null)
JavaScript error: resource:///modules/FormSubmitObserver.jsm, line 214: TypeError: this._mm is null
JavaScript error: resource:///modules/FormSubmitObserver.jsm, line 214: TypeError: this._mm is null
JavaScript error: resource:///modules/FormSubmitObserver.jsm, line 214: TypeError: this._mm is null
JavaScript error: resource:///modules/FormSubmitObserver.jsm, line 214: TypeError: this._mm is null
IPDL protocol error: Handler returned error code!

###!!! [Parent][DispatchAsyncMessage] Error: PLayerTransaction::Msg_ReleaseLayer Processing error: message was deserialized, but the handler returned false (indicating failure)

IPDL protocol error: Handler returned error code!

###!!! [Parent][DispatchAsyncMessage] Error: PLayerTransaction::Msg_ReleaseLayer Processing error: message was deserialized, but the handler returned false (indicating failure)

IPDL protocol error: Handler returned error code!

###!!! [Parent][DispatchAsyncMessage] Error: PLayerTransaction::Msg_ReleaseLayer Processing error: message was deserialized, but the handler returned false (indicating failure)

IPDL protocol error: Handler returned error code!

###!!! [Parent][DispatchAsyncMessage] Error: PLayerTransaction::Msg_ReleaseLayer Processing error: message was deserialized, but the handler returned false (indicating failure)

IPDL protocol error: Handler returned error code!

###!!! [Parent][DispatchAsyncMessage] Error: PLayerTransaction::Msg_ReleaseLayer Processing error: message was deserialized, but the handler returned false (indicating failure)

IPDL protocol error: Handler returned error code!

###!!! [Parent][DispatchAsyncMessage] Error: PLayerTransaction::Msg_ReleaseLayer Processing error: message was deserialized, but the handler returned false (indicating failure)

JavaScript error: https://b.travel-assets.com/datacapture/2/js/client-logging-bundle-min.js, line 25: TypeError: n[t] is undefined

###!!! [Child][RunMessage] Error: Channel error: cannot send/recv


###!!! [Child][MessageChannel] Error: (msgtype=0x2D00B0,name=PContent::Msg_ScriptError) Channel error: cannot send/recv


###!!! [Child][MessageChannel] Error: (msgtype=0x2D00B0,name=PContent::Msg_ScriptError) Channel error: cannot send/recv


###!!! [Child][MessageChannel] Error: (msgtype=0x490007,name=PHttpChannel::Msg_Redirect2Verify) Channel error: cannot send/recv


###!!! [Child][MessageChannel] Error: (msgtype=0x2D00B0,name=PContent::Msg_ScriptError) Channel error: cannot send/recv


###!!! [Child][MessageChannel] Error: (msgtype=0x490007,name=PHttpChannel::Msg_Redirect2Verify) Channel error: cannot send/recv


###!!! [Child][MessageChannel] Error: (msgtype=0x2D00B0,name=PContent::Msg_ScriptError) Channel error: cannot send/recv


###!!! [Child][MessageChannel] Error: (msgtype=0x2D00B0,name=PContent::Msg_ScriptError) Channel error: cannot send/recv


###!!! [Child][MessageChannel] Error: (msgtype=0x490007,name=PHttpChannel::Msg_Redirect2Verify) Channel error: cannot send/recv


###!!! [Child][MessageChannel] Error: (msgtype=0x2D00B0,name=PContent::Msg_ScriptError) Channel error: cannot send/recv


###!!! [Child][RunMessage] Error: Channel error: cannot send/recv


###!!! [Child][MessageChannel] Error: (msgtype=0x2D00B0,name=PContent::Msg_ScriptError) Channel error: cannot send/recv


###!!! [Child][RunMessage] Error: Channel error: cannot send/recv


###!!! [Child][RunMessage] Error: Channel error: cannot send/recv


###!!! [Child][RunMessage] Error: Channel error: cannot send/recv


###!!! [Child][RunMessage] Error: Channel error: cannot send/recv


###!!! [Child][RunMessage] Error: Channel error: cannot send/recv


###!!! [Child][RunMessage] Error: Channel error: cannot send/recv


###!!! [Child][RunMessage] Error: Channel error: cannot send/recv


###!!! [Child][RunMessage] Error: Channel error: cannot send/recv


###!!! [Child][RunMessage] Error: Channel error: cannot send/recv


###!!! [Child][RunMessage] Error: Channel error: cannot send/recv


###!!! [Child][RunMessage] Error: Channel error: cannot send/recv


###!!! [Child][RunMessage] Error: Channel error: cannot send/recv


###!!! [Child][RunMessage] Error: Channel error: cannot send/recv


###!!! [Child][RunMessage] Error: Channel error: cannot send/recv


###!!! [Child][RunMessage] Error: Channel error: cannot send/recv


###!!! [Child][RunMessage] Error: Channel error: cannot send/recv


###!!! [Child][RunMessage] Error: Channel error: cannot send/recv


###!!! [Child][MessageChannel] Error: (msgtype=0x49000E,name=PHttpChannel::Msg_DeletingChannel) Channel error: cannot send/recv


###!!! [Child][MessageChannel] Error: (msgtype=0x2D00B0,name=PContent::Msg_ScriptError) Channel error: cannot send/recv


###!!! [Child][RunMessage] Error: Channel error: cannot send/recv


###!!! [Child][RunMessage] Error: Channel error: cannot send/recv


###!!! [Child][RunMessage] Error: Channel error: cannot send/recv


###!!! [Child][RunMessage] Error: Channel error: cannot send/recv


###!!! [Child][RunMessage] Error: Channel error: cannot send/recv


###!!! [Child][RunMessage] Error: Channel error: cannot send/recv


###!!! [Child][RunMessage] Error: Channel error: cannot send/recv


###!!! [Child][RunMessage] Error: Channel error: cannot send/recv


###!!! [Child][RunMessage] Error: Channel error: cannot send/recv


###!!! [Child][RunMessage] Error: Channel error: cannot send/recv


###!!! [Child][RunMessage] Error: Channel error: cannot send/recv


###!!! [Child][RunMessage] Error: Channel error: cannot send/recv


###!!! [Child][RunMessage] Error: Channel error: cannot send/recv

*** UTM:SVC TimerManager:registerTimer called after profile-before-change notification. Ignoring timer registration for id: telemetry_modules_ping
1534293966489	geckodriver	INFO	geckodriver 0.21.0
1534293966527	geckodriver	INFO	Listening on 127.0.0.1:64496
1534293967491	mozrunner::runner	INFO	Running command: "/Applications/Firefox.app/Contents/MacOS/firefox-bin" "-marionette" "-foreground" "-no-remote" "-profile" "/var/folders/13/k8jwz8ls211618nndm3cmsz80000gn/T/rust_mozprofile.TVtTaknwSbID"
2018-08-14 19:46:09.759 plugin-container[35247:17817105] *** CFMessagePort: bootstrap_register(): failed 1100 (0x44c) 'Permission denied', port = 0x743f, name = 'com.apple.tsm.portname'
See /usr/include/servers/bootstrap_defs.h for the error codes.
2018-08-14 19:46:10.016 plugin-container[35247:17817105] *** CFMessagePort: bootstrap_register(): failed 1100 (0x44c) 'Permission denied', port = 0x743b, name = 'com.apple.coredrag'
See /usr/include/servers/bootstrap_defs.h for the error codes.
2018-08-14 19:46:10.151 plugin-container[35248:17817136] *** CFMessagePort: bootstrap_register(): failed 1100 (0x44c) 'Permission denied', port = 0x7243, name = 'com.apple.tsm.portname'
See /usr/include/servers/bootstrap_defs.h for the error codes.
2018-08-14 19:46:10.282 plugin-container[35248:17817136] *** CFMessagePort: bootstrap_register(): failed 1100 (0x44c) 'Permission denied', port = 0x250f, name = 'com.apple.coredrag'
See /usr/include/servers/bootstrap_defs.h for the error codes.
1534293970492	Marionette	INFO	Listening on port 64515
1534293970507	Marionette	WARN	TLS certificate errors will be ignored for this session
2018-08-14 19:46:10.986 plugin-container[35249:17817255] *** CFMessagePort: bootstrap_register(): failed 1100 (0x44c) 'Permission denied', port = 0x7343, name = 'com.apple.tsm.portname'
See /usr/include/servers/bootstrap_defs.h for the error codes.
2018-08-14 19:46:11.102 plugin-container[35249:17817255] *** CFMessagePort: bootstrap_register(): failed 1100 (0x44c) 'Permission denied', port = 0x7303, name = 'com.apple.coredrag'
See /usr/include/servers/bootstrap_defs.h for the error codes.
1534294010333	geckodriver	INFO	geckodriver 0.21.0
1534294010347	geckodriver	INFO	Listening on 127.0.0.1:64928
1534294010370	mozrunner::runner	INFO	Running command: "/Applications/Firefox.app/Contents/MacOS/firefox-bin" "-marionette" "-foreground" "-no-remote" "-profile" "/var/folders/13/k8jwz8ls211618nndm3cmsz80000gn/T/rust_mozprofile.p6RfHA198hqx"
2018-08-14 19:46:52.903 plugin-container[35263:17821093] *** CFMessagePort: bootstrap_register(): failed 1100 (0x44c) 'Permission denied', port = 0x8347, name = 'com.apple.tsm.portname'
See /usr/include/servers/bootstrap_defs.h for the error codes.
2018-08-14 19:46:53.370 plugin-container[35263:17821093] *** CFMessagePort: bootstrap_register(): failed 1100 (0x44c) 'Permission denied', port = 0x82a3, name = 'com.apple.coredrag'
See /usr/include/servers/bootstrap_defs.h for the error codes.
2018-08-14 19:46:53.483 plugin-container[35264:17821173] *** CFMessagePort: bootstrap_register(): failed 1100 (0x44c) 'Permission denied', port = 0x7943, name = 'com.apple.tsm.portname'
See /usr/include/servers/bootstrap_defs.h for the error codes.
2018-08-14 19:46:53.694 plugin-container[35264:17821173] *** CFMessagePort: bootstrap_register(): failed 1100 (0x44c) 'Permission denied', port = 0x7907, name = 'com.apple.coredrag'
See /usr/include/servers/bootstrap_defs.h for the error codes.
1534294013744	Marionette	INFO	Listening on port 64937
1534294013801	Marionette	WARN	TLS certificate errors will be ignored for this session
2018-08-14 19:46:54.537 plugin-container[35265:17821279] *** CFMessagePort: bootstrap_register(): failed 1100 (0x44c) 'Permission denied', port = 0x8007, name = 'com.apple.tsm.portname'
See /usr/include/servers/bootstrap_defs.h for the error codes.
2018-08-14 19:46:54.721 plugin-container[35265:17821279] *** CFMessagePort: bootstrap_register(): failed 1100 (0x44c) 'Permission denied', port = 0x6ea3, name = 'com.apple.coredrag'
See /usr/include/servers/bootstrap_defs.h for the error codes.

###!!! [Parent][MessageChannel] Error: (msgtype=0x7D0001,name=PTexture::Msg___delete__) Channel error: cannot send/recv


###!!! [Parent][MessageChannel] Error: (msgtype=0x7D0001,name=PTexture::Msg___delete__) Channel error: cannot send/recv


###!!! [Parent][RunMessage] Error: Channel error: cannot send/recv


###!!! [Parent][RunMessage] Error: Channel error: cannot send/recv


###!!! [Parent][RunMessage] Error: Channel error: cannot send/recv


###!!! [Parent][RunMessage] Error: Channel error: cannot send/recv


###!!! [Parent][RunMessage] Error: Channel error: cannot send/recv


###!!! [Parent][MessageChannel] Error: (msgtype=0x290002,name=PCompositorBridge::Msg_DidComposite) Channel error: cannot send/recv


###!!! [Parent][RunMessage] Error: Channel error: cannot send/recv


###!!! [Parent][RunMessage] Error: Channel error: cannot send/recv


###!!! [Parent][RunMessage] Error: Channel error: cannot send/recv


###!!! [Parent][RunMessage] Error: Channel error: cannot send/recv


###!!! [Parent][RunMessage] Error: Channel error: cannot send/recv


###!!! [Parent][RunMessage] Error: Channel error: cannot send/recv


###!!! [Parent][RunMessage] Error: Channel error: cannot send/recv


###!!! [Parent][RunMessage] Error: Channel error: cannot send/recv


###!!! [Parent][RunMessage] Error: Channel error: cannot send/recv


###!!! [Parent][RunMessage] Error: Channel error: cannot send/recv


###!!! [Parent][RunMessage] Error: Channel error: cannot send/recv


###!!! [Parent][RunMessage] Error: Channel error: cannot send/recv


###!!! [Parent][RunMessage] Error: Channel error: cannot send/recv


###!!! [Parent][RunMessage] Error: Channel error: cannot send/recv


###!!! [Parent][RunMessage] Error: Channel error: cannot send/recv


###!!! [Parent][RunMessage] Error: Channel error: cannot send/recv


###!!! [Parent][RunMessage] Error: Channel error: cannot send/recv


###!!! [Parent][RunMessage] Error: Channel error: cannot send/recv


###!!! [Parent][RunMessage] Error: Channel error: cannot send/recv


###!!! [Parent][RunMessage] Error: Channel error: cannot send/recv


###!!! [Parent][RunMessage] Error: Channel error: cannot send/recv


###!!! [Parent][RunMessage] Error: Channel error: cannot send/recv


###!!! [Parent][RunMessage] Error: Channel error: cannot send/recv


###!!! [Parent][RunMessage] Error: Channel error: cannot send/recv


###!!! [Parent][RunMessage] Error: Channel error: cannot send/recv


###!!! [Parent][RunMessage] Error: Channel error: cannot send/recv


###!!! [Parent][RunMessage] Error: Channel error: cannot send/recv


###!!! [Parent][RunMessage] Error: Channel error: cannot send/recv


###!!! [Parent][RunMessage] Error: Channel error: cannot send/recv


###!!! [Parent][RunMessage] Error: Channel error: cannot send/recv


###!!! [Parent][RunMessage] Error: Channel error: cannot send/recv


###!!! [Parent][RunMessage] Error: Channel error: cannot send/recv


###!!! [Parent][RunMessage] Error: Channel error: cannot send/recv


###!!! [Parent][RunMessage] Error: Channel error: cannot send/recv


###!!! [Parent][RunMessage] Error: Channel error: cannot send/recv


###!!! [Parent][RunMessage] Error: Channel error: cannot send/recv


###!!! [Parent][RunMessage] Error: Channel error: cannot send/recv


###!!! [Parent][RunMessage] Error: Channel error: cannot send/recv


###!!! [Parent][RunMessage] Error: Channel error: cannot send/recv


###!!! [Parent][RunMessage] Error: Channel error: cannot send/recv


###!!! [Parent][RunMessage] Error: Channel error: cannot send/recv


###!!! [Parent][RunMessage] Error: Channel error: cannot send/recv


###!!! [Parent][RunMessage] Error: Channel error: cannot send/recv


###!!! [Parent][RunMessage] Error: Channel error: cannot send/recv


###!!! [Parent][RunMessage] Error: Channel error: cannot send/recv


###!!! [Parent][RunMessage] Error: Channel error: cannot send/recv


###!!! [Parent][RunMessage] Error: Channel error: cannot send/recv


###!!! [Parent][RunMessage] Error: Channel error: cannot send/recv


###!!! [Parent][RunMessage] Error: Channel error: cannot send/recv


###!!! [Parent][MessageChannel] Error: (msgtype=0x2000B,name=PAPZ::Msg_Destroy) Channel error: cannot send/recv

*** UTM:SVC TimerManager:registerTimer called after profile-before-change notification. Ignoring timer registration for id: telemetry_modules_ping
1534294047776	geckodriver	INFO	geckodriver 0.21.0
1534294047791	geckodriver	INFO	Listening on 127.0.0.1:65234
1534294048797	mozrunner::runner	INFO	Running command: "/Applications/Firefox.app/Contents/MacOS/firefox-bin" "-marionette" "-foreground" "-no-remote" "-profile" "/var/folders/13/k8jwz8ls211618nndm3cmsz80000gn/T/rust_mozprofile.t9dDHle9wYrv"
2018-08-14 19:47:30.643 plugin-container[35277:17823058] *** CFMessagePort: bootstrap_register(): failed 1100 (0x44c) 'Permission denied', port = 0x7603, name = 'com.apple.tsm.portname'
See /usr/include/servers/bootstrap_defs.h for the error codes.
2018-08-14 19:47:30.933 plugin-container[35277:17823058] *** CFMessagePort: bootstrap_register(): failed 1100 (0x44c) 'Permission denied', port = 0x869b, name = 'com.apple.coredrag'
See /usr/include/servers/bootstrap_defs.h for the error codes.
2018-08-14 19:47:31.257 plugin-container[35278:17823082] *** CFMessagePort: bootstrap_register(): failed 1100 (0x44c) 'Permission denied', port = 0x7543, name = 'com.apple.tsm.portname'
See /usr/include/servers/bootstrap_defs.h for the error codes.
2018-08-14 19:47:31.394 plugin-container[35278:17823082] *** CFMessagePort: bootstrap_register(): failed 1100 (0x44c) 'Permission denied', port = 0x755f, name = 'com.apple.coredrag'
See /usr/include/servers/bootstrap_defs.h for the error codes.
1534294051425	Marionette	INFO	Listening on port 65255
1534294051505	Marionette	WARN	TLS certificate errors will be ignored for this session
2018-08-14 19:47:32.249 plugin-container[35279:17823223] *** CFMessagePort: bootstrap_register(): failed 1100 (0x44c) 'Permission denied', port = 0x7547, name = 'com.apple.tsm.portname'
See /usr/include/servers/bootstrap_defs.h for the error codes.
2018-08-14 19:47:32.416 plugin-container[35279:17823223] *** CFMessagePort: bootstrap_register(): failed 1100 (0x44c) 'Permission denied', port = 0x75c3, name = 'com.apple.coredrag'
See /usr/include/servers/bootstrap_defs.h for the error codes.
*** UTM:SVC TimerManager:registerTimer called after profile-before-change notification. Ignoring timer registration for id: telemetry_modules_ping
1534294065320	geckodriver	INFO	geckodriver 0.21.0
1534294065330	geckodriver	INFO	Listening on 127.0.0.1:65423
1534294065353	mozrunner::runner	INFO	Running command: "/Applications/Firefox.app/Contents/MacOS/firefox-bin" "-marionette" "-foreground" "-no-remote" "-profile" "/var/folders/13/k8jwz8ls211618nndm3cmsz80000gn/T/rust_mozprofile.gP6ZREEziQpN"
2018-08-14 19:47:52.610 plugin-container[35287:17824398] *** CFMessagePort: bootstrap_register(): failed 1100 (0x44c) 'Permission denied', port = 0x793b, name = 'com.apple.tsm.portname'
See /usr/include/servers/bootstrap_defs.h for the error codes.
2018-08-14 19:47:52.868 plugin-container[35287:17824398] *** CFMessagePort: bootstrap_register(): failed 1100 (0x44c) 'Permission denied', port = 0x79b7, name = 'com.apple.coredrag'
See /usr/include/servers/bootstrap_defs.h for the error codes.
2018-08-14 19:47:52.904 plugin-container[35288:17824446] *** CFMessagePort: bootstrap_register(): failed 1100 (0x44c) 'Permission denied', port = 0x8947, name = 'com.apple.tsm.portname'
See /usr/include/servers/bootstrap_defs.h for the error codes.
2018-08-14 19:47:53.084 plugin-container[35288:17824446] *** CFMessagePort: bootstrap_register(): failed 1100 (0x44c) 'Permission denied', port = 0x89c3, name = 'com.apple.coredrag'
See /usr/include/servers/bootstrap_defs.h for the error codes.
1534294073125	Marionette	INFO	Listening on port 65434
1534294073198	Marionette	WARN	TLS certificate errors will be ignored for this session
2018-08-14 19:47:53.734 plugin-container[35289:17824636] *** CFMessagePort: bootstrap_register(): failed 1100 (0x44c) 'Permission denied', port = 0x7107, name = 'com.apple.tsm.portname'
See /usr/include/servers/bootstrap_defs.h for the error codes.
2018-08-14 19:47:53.919 plugin-container[35289:17824636] *** CFMessagePort: bootstrap_register(): failed 1100 (0x44c) 'Permission denied', port = 0x7183, name = 'com.apple.coredrag'
See /usr/include/servers/bootstrap_defs.h for the error codes.
*** UTM:SVC TimerManager:registerTimer called after profile-before-change notification. Ignoring timer registration for id: telemetry_modules_ping
1534294145909	geckodriver	INFO	geckodriver 0.21.0
1534294145944	geckodriver	INFO	Listening on 127.0.0.1:49671
1534294146863	mozrunner::runner	INFO	Running command: "/Applications/Firefox.app/Contents/MacOS/firefox-bin" "-marionette" "-foreground" "-no-remote" "-profile" "/var/folders/13/k8jwz8ls211618nndm3cmsz80000gn/T/rust_mozprofile.xeMngfmy74O6"
2018-08-14 19:49:08.905 plugin-container[35304:17828318] *** CFMessagePort: bootstrap_register(): failed 1100 (0x44c) 'Permission denied', port = 0x8307, name = 'com.apple.tsm.portname'
See /usr/include/servers/bootstrap_defs.h for the error codes.
2018-08-14 19:49:09.107 plugin-container[35305:17828353] *** CFMessagePort: bootstrap_register(): failed 1100 (0x44c) 'Permission denied', port = 0x883f, name = 'com.apple.tsm.portname'
See /usr/include/servers/bootstrap_defs.h for the error codes.
2018-08-14 19:49:09.173 plugin-container[35304:17828318] *** CFMessagePort: bootstrap_register(): failed 1100 (0x44c) 'Permission denied', port = 0x8397, name = 'com.apple.coredrag'
See /usr/include/servers/bootstrap_defs.h for the error codes.
2018-08-14 19:49:09.231 plugin-container[35305:17828353] *** CFMessagePort: bootstrap_register(): failed 1100 (0x44c) 'Permission denied', port = 0x8817, name = 'com.apple.coredrag'
See /usr/include/servers/bootstrap_defs.h for the error codes.
1534294149837	Marionette	INFO	Listening on port 49688
1534294149870	Marionette	WARN	TLS certificate errors will be ignored for this session
2018-08-14 19:49:09.928 plugin-container[35306:17828454] *** CFMessagePort: bootstrap_register(): failed 1100 (0x44c) 'Permission denied', port = 0x8443, name = 'com.apple.tsm.portname'
See /usr/include/servers/bootstrap_defs.h for the error codes.
2018-08-14 19:49:10.052 plugin-container[35306:17828454] *** CFMessagePort: bootstrap_register(): failed 1100 (0x44c) 'Permission denied', port = 0x8403, name = 'com.apple.coredrag'
See /usr/include/servers/bootstrap_defs.h for the error codes.
1534294190234	geckodriver	INFO	geckodriver 0.21.0
1534294190274	geckodriver	INFO	Listening on 127.0.0.1:49958
1534294191102	mozrunner::runner	INFO	Running command: "/Applications/Firefox.app/Contents/MacOS/firefox-bin" "-marionette" "-foreground" "-no-remote" "-profile" "/var/folders/13/k8jwz8ls211618nndm3cmsz80000gn/T/rust_mozprofile.LEU49ifxcWwZ"
2018-08-14 19:49:52.982 plugin-container[35314:17831626] *** CFMessagePort: bootstrap_register(): failed 1100 (0x44c) 'Permission denied', port = 0x853b, name = 'com.apple.tsm.portname'
See /usr/include/servers/bootstrap_defs.h for the error codes.
2018-08-14 19:49:53.173 plugin-container[35314:17831626] *** CFMessagePort: bootstrap_register(): failed 1100 (0x44c) 'Permission denied', port = 0x85b7, name = 'com.apple.coredrag'
See /usr/include/servers/bootstrap_defs.h for the error codes.
2018-08-14 19:49:53.265 plugin-container[35315:17831671] *** CFMessagePort: bootstrap_register(): failed 1100 (0x44c) 'Permission denied', port = 0x8643, name = 'com.apple.tsm.portname'
See /usr/include/servers/bootstrap_defs.h for the error codes.
2018-08-14 19:49:53.420 plugin-container[35315:17831671] *** CFMessagePort: bootstrap_register(): failed 1100 (0x44c) 'Permission denied', port = 0x8607, name = 'com.apple.coredrag'
See /usr/include/servers/bootstrap_defs.h for the error codes.
1534294193703	Marionette	INFO	Listening on port 49977
1534294193724	Marionette	WARN	TLS certificate errors will be ignored for this session
2018-08-14 19:49:54.588 plugin-container[35316:17831851] *** CFMessagePort: bootstrap_register(): failed 1100 (0x44c) 'Permission denied', port = 0x7043, name = 'com.apple.tsm.portname'
See /usr/include/servers/bootstrap_defs.h for the error codes.
2018-08-14 19:49:54.761 plugin-container[35316:17831851] *** CFMessagePort: bootstrap_register(): failed 1100 (0x44c) 'Permission denied', port = 0x7003, name = 'com.apple.coredrag'
See /usr/include/servers/bootstrap_defs.h for the error codes.
1534294268948	geckodriver	INFO	geckodriver 0.21.0
1534294269070	geckodriver	INFO	Listening on 127.0.0.1:50486
1534294270047	mozrunner::runner	INFO	Running command: "/Applications/Firefox.app/Contents/MacOS/firefox-bin" "-marionette" "-foreground" "-no-remote" "-profile" "/var/folders/13/k8jwz8ls211618nndm3cmsz80000gn/T/rust_mozprofile.z41zwgL2fwlf"
2018-08-14 19:51:11.916 plugin-container[35327:17835927] *** CFMessagePort: bootstrap_register(): failed 1100 (0x44c) 'Permission denied', port = 0x753f, name = 'com.apple.tsm.portname'
See /usr/include/servers/bootstrap_defs.h for the error codes.
2018-08-14 19:51:12.230 plugin-container[35328:17835955] *** CFMessagePort: bootstrap_register(): failed 1100 (0x44c) 'Permission denied', port = 0x7643, name = 'com.apple.tsm.portname'
See /usr/include/servers/bootstrap_defs.h for the error codes.
2018-08-14 19:51:12.349 plugin-container[35327:17835927] *** CFMessagePort: bootstrap_register(): failed 1100 (0x44c) 'Permission denied', port = 0x753b, name = 'com.apple.coredrag'
See /usr/include/servers/bootstrap_defs.h for the error codes.
2018-08-14 19:51:12.381 plugin-container[35328:17835955] *** CFMessagePort: bootstrap_register(): failed 1100 (0x44c) 'Permission denied', port = 0x76bf, name = 'com.apple.coredrag'
See /usr/include/servers/bootstrap_defs.h for the error codes.
1534294272618	Marionette	INFO	Listening on port 50509
1534294272680	Marionette	WARN	TLS certificate errors will be ignored for this session
2018-08-14 19:51:13.229 plugin-container[35329:17836074] *** CFMessagePort: bootstrap_register(): failed 1100 (0x44c) 'Permission denied', port = 0x6f43, name = 'com.apple.tsm.portname'
See /usr/include/servers/bootstrap_defs.h for the error codes.
2018-08-14 19:51:13.347 plugin-container[35329:17836074] *** CFMessagePort: bootstrap_register(): failed 1100 (0x44c) 'Permission denied', port = 0x6f43, name = 'com.apple.coredrag'
See /usr/include/servers/bootstrap_defs.h for the error codes.
1534294570184	geckodriver	INFO	geckodriver 0.21.0
1534294570195	geckodriver	INFO	Listening on 127.0.0.1:52695
1534294571273	mozrunner::runner	INFO	Running command: "/Applications/Firefox.app/Contents/MacOS/firefox-bin" "-marionette" "-foreground" "-no-remote" "-profile" "/var/folders/13/k8jwz8ls211618nndm3cmsz80000gn/T/rust_mozprofile.2QTKwXvpgJh7"
2018-08-14 19:56:12.906 plugin-container[35359:17858875] *** CFMessagePort: bootstrap_register(): failed 1100 (0x44c) 'Permission denied', port = 0x763f, name = 'com.apple.tsm.portname'
See /usr/include/servers/bootstrap_defs.h for the error codes.
2018-08-14 19:56:13.161 plugin-container[35360:17858907] *** CFMessagePort: bootstrap_register(): failed 1100 (0x44c) 'Permission denied', port = 0x713f, name = 'com.apple.tsm.portname'
See /usr/include/servers/bootstrap_defs.h for the error codes.
2018-08-14 19:56:13.277 plugin-container[35359:17858875] *** CFMessagePort: bootstrap_register(): failed 1100 (0x44c) 'Permission denied', port = 0x274f, name = 'com.apple.coredrag'
See /usr/include/servers/bootstrap_defs.h for the error codes.
2018-08-14 19:56:13.283 plugin-container[35360:17858907] *** CFMessagePort: bootstrap_register(): failed 1100 (0x44c) 'Permission denied', port = 0x713f, name = 'com.apple.coredrag'
See /usr/include/servers/bootstrap_defs.h for the error codes.
1534294573419	Marionette	INFO	Listening on port 52717
1534294573446	Marionette	WARN	TLS certificate errors will be ignored for this session
2018-08-14 19:56:13.933 plugin-container[35361:17859032] *** CFMessagePort: bootstrap_register(): failed 1100 (0x44c) 'Permission denied', port = 0x713f, name = 'com.apple.tsm.portname'
See /usr/include/servers/bootstrap_defs.h for the error codes.
2018-08-14 19:56:14.020 plugin-container[35361:17859032] *** CFMessagePort: bootstrap_register(): failed 1100 (0x44c) 'Permission denied', port = 0x713f, name = 'com.apple.coredrag'
See /usr/include/servers/bootstrap_defs.h for the error codes.
*** UTM:SVC TimerManager:registerTimer called after profile-before-change notification. Ignoring timer registration for id: telemetry_modules_ping
1534294692052	geckodriver	INFO	geckodriver 0.21.0
1534294692060	geckodriver	INFO	Listening on 127.0.0.1:53549
1534294693077	mozrunner::runner	INFO	Running command: "/Applications/Firefox.app/Contents/MacOS/firefox-bin" "-marionette" "-foreground" "-no-remote" "-profile" "/var/folders/13/k8jwz8ls211618nndm3cmsz80000gn/T/rust_mozprofile.2HoHzX8nRAte"
2018-08-14 19:58:14.322 plugin-container[35375:17864624] *** CFMessagePort: bootstrap_register(): failed 1100 (0x44c) 'Permission denied', port = 0x7943, name = 'com.apple.tsm.portname'
See /usr/include/servers/bootstrap_defs.h for the error codes.
2018-08-14 19:58:14.444 plugin-container[35375:17864624] *** CFMessagePort: bootstrap_register(): failed 1100 (0x44c) 'Permission denied', port = 0x79bb, name = 'com.apple.coredrag'
See /usr/include/servers/bootstrap_defs.h for the error codes.
2018-08-14 19:58:14.603 plugin-container[35376:17864647] *** CFMessagePort: bootstrap_register(): failed 1100 (0x44c) 'Permission denied', port = 0x8407, name = 'com.apple.tsm.portname'
See /usr/include/servers/bootstrap_defs.h for the error codes.
2018-08-14 19:58:14.727 plugin-container[35376:17864647] *** CFMessagePort: bootstrap_register(): failed 1100 (0x44c) 'Permission denied', port = 0x8423, name = 'com.apple.coredrag'
See /usr/include/servers/bootstrap_defs.h for the error codes.
1534294694780	Marionette	INFO	Listening on port 53568
1534294694846	Marionette	WARN	TLS certificate errors will be ignored for this session
2018-08-14 19:58:15.349 plugin-container[35377:17864766] *** CFMessagePort: bootstrap_register(): failed 1100 (0x44c) 'Permission denied', port = 0x8433, name = 'com.apple.tsm.portname'
See /usr/include/servers/bootstrap_defs.h for the error codes.
2018-08-14 19:58:15.447 plugin-container[35377:17864766] *** CFMessagePort: bootstrap_register(): failed 1100 (0x44c) 'Permission denied', port = 0x840f, name = 'com.apple.coredrag'
See /usr/include/servers/bootstrap_defs.h for the error codes.
*** UTM:SVC TimerManager:registerTimer called after profile-before-change notification. Ignoring timer registration for id: telemetry_modules_ping
1534294725666	geckodriver	INFO	geckodriver 0.21.0
1534294725674	geckodriver	INFO	Listening on 127.0.0.1:53843
1534294726682	mozrunner::runner	INFO	Running command: "/Applications/Firefox.app/Contents/MacOS/firefox-bin" "-marionette" "-foreground" "-no-remote" "-profile" "/var/folders/13/k8jwz8ls211618nndm3cmsz80000gn/T/rust_mozprofile.ws9Xa7G4BjHI"
2018-08-14 19:58:47.966 plugin-container[35388:17866902] *** CFMessagePort: bootstrap_register(): failed 1100 (0x44c) 'Permission denied', port = 0x883f, name = 'com.apple.tsm.portname'
See /usr/include/servers/bootstrap_defs.h for the error codes.
2018-08-14 19:58:48.096 plugin-container[35388:17866902] *** CFMessagePort: bootstrap_register(): failed 1100 (0x44c) 'Permission denied', port = 0x884b, name = 'com.apple.coredrag'
See /usr/include/servers/bootstrap_defs.h for the error codes.
2018-08-14 19:58:48.247 plugin-container[35389:17866933] *** CFMessagePort: bootstrap_register(): failed 1100 (0x44c) 'Permission denied', port = 0x8007, name = 'com.apple.tsm.portname'
See /usr/include/servers/bootstrap_defs.h for the error codes.
2018-08-14 19:58:48.378 plugin-container[35389:17866933] *** CFMessagePort: bootstrap_register(): failed 1100 (0x44c) 'Permission denied', port = 0x8093, name = 'com.apple.coredrag'
See /usr/include/servers/bootstrap_defs.h for the error codes.
1534294728491	Marionette	INFO	Listening on port 53862
1534294728547	Marionette	WARN	TLS certificate errors will be ignored for this session
2018-08-14 19:58:48.922 plugin-container[35390:17867086] *** CFMessagePort: bootstrap_register(): failed 1100 (0x44c) 'Permission denied', port = 0x883f, name = 'com.apple.tsm.portname'
See /usr/include/servers/bootstrap_defs.h for the error codes.
2018-08-14 19:58:49.005 plugin-container[35390:17867086] *** CFMessagePort: bootstrap_register(): failed 1100 (0x44c) 'Permission denied', port = 0x88bb, name = 'com.apple.coredrag'
See /usr/include/servers/bootstrap_defs.h for the error codes.

###!!! [Parent][MessageChannel] Error: (msgtype=0x130011,name=PBackgroundStorage::Msg_Observe) Channel error: cannot send/recv

*** UTM:SVC TimerManager:registerTimer called after profile-before-change notification. Ignoring timer registration for id: telemetry_modules_ping
